[2026-06-11T17:38:07.088+0000] {processor.py:161} INFO - Started process (PID=167) to work on /opt/airflow/dags/restaurante_pipeline.py
[2026-06-11T17:38:07.090+0000] {processor.py:830} INFO - Processing file /opt/airflow/dags/restaurante_pipeline.py for tasks to queue
[2026-06-11T17:38:07.092+0000] {logging_mixin.py:188} INFO - [2026-06-11T17:38:07.091+0000] {dagbag.py:540} INFO - Filling up the DagBag from /opt/airflow/dags/restaurante_pipeline.py
[2026-06-11T17:38:07.141+0000] {processor.py:840} INFO - DAG(s) 'restaurante_pipeline_etl' retrieved from /opt/airflow/dags/restaurante_pipeline.py
[2026-06-11T17:38:07.593+0000] {logging_mixin.py:188} INFO - [2026-06-11T17:38:07.591+0000] {override.py:1769} INFO - Created Permission View: can delete on DAG:restaurante_pipeline_etl
[2026-06-11T17:38:07.616+0000] {logging_mixin.py:188} INFO - [2026-06-11T17:38:07.615+0000] {override.py:1769} INFO - Created Permission View: can edit on DAG:restaurante_pipeline_etl
[2026-06-11T17:38:07.635+0000] {logging_mixin.py:188} INFO - [2026-06-11T17:38:07.634+0000] {override.py:1769} INFO - Created Permission View: can read on DAG:restaurante_pipeline_etl
[2026-06-11T17:38:07.636+0000] {logging_mixin.py:188} INFO - [2026-06-11T17:38:07.636+0000] {dag.py:3047} INFO - Sync 1 DAGs
[2026-06-11T17:38:07.660+0000] {logging_mixin.py:188} INFO - [2026-06-11T17:38:07.659+0000] {dag.py:3069} INFO - Creating ORM DAG for restaurante_pipeline_etl
[2026-06-11T17:38:07.685+0000] {logging_mixin.py:188} INFO - [2026-06-11T17:38:07.685+0000] {dag.py:3834} INFO - Setting next_dagrun for restaurante_pipeline_etl to 2026-06-10 02:00:00+00:00, run_after=2026-06-11 02:00:00+00:00
[2026-06-11T17:38:07.728+0000] {processor.py:183} INFO - Processing /opt/airflow/dags/restaurante_pipeline.py took 0.647 seconds
[2026-06-11T17:38:38.003+0000] {processor.py:161} INFO - Started process (PID=172) to work on /opt/airflow/dags/restaurante_pipeline.py
[2026-06-11T17:38:38.006+0000] {processor.py:830} INFO - Processing file /opt/airflow/dags/restaurante_pipeline.py for tasks to queue
[2026-06-11T17:38:38.008+0000] {logging_mixin.py:188} INFO - [2026-06-11T17:38:38.007+0000] {dagbag.py:540} INFO - Filling up the DagBag from /opt/airflow/dags/restaurante_pipeline.py
[2026-06-11T17:38:38.044+0000] {processor.py:840} INFO - DAG(s) 'restaurante_pipeline_etl' retrieved from /opt/airflow/dags/restaurante_pipeline.py
[2026-06-11T17:38:38.148+0000] {logging_mixin.py:188} INFO - [2026-06-11T17:38:38.147+0000] {dag.py:3047} INFO - Sync 1 DAGs
[2026-06-11T17:38:38.212+0000] {logging_mixin.py:188} INFO - [2026-06-11T17:38:38.212+0000] {dag.py:3834} INFO - Setting next_dagrun for restaurante_pipeline_etl to 2026-06-10 02:00:00+00:00, run_after=2026-06-11 02:00:00+00:00
[2026-06-11T17:38:38.239+0000] {processor.py:183} INFO - Processing /opt/airflow/dags/restaurante_pipeline.py took 0.244 seconds
[2026-06-11T17:39:08.457+0000] {processor.py:161} INFO - Started process (PID=177) to work on /opt/airflow/dags/restaurante_pipeline.py
[2026-06-11T17:39:08.458+0000] {processor.py:830} INFO - Processing file /opt/airflow/dags/restaurante_pipeline.py for tasks to queue
[2026-06-11T17:39:08.459+0000] {logging_mixin.py:188} INFO - [2026-06-11T17:39:08.459+0000] {dagbag.py:540} INFO - Filling up the DagBag from /opt/airflow/dags/restaurante_pipeline.py
[2026-06-11T17:39:08.481+0000] {processor.py:840} INFO - DAG(s) 'restaurante_pipeline_etl' retrieved from /opt/airflow/dags/restaurante_pipeline.py
[2026-06-11T17:39:08.521+0000] {logging_mixin.py:188} INFO - [2026-06-11T17:39:08.520+0000] {dag.py:3047} INFO - Sync 1 DAGs
[2026-06-11T17:39:08.546+0000] {logging_mixin.py:188} INFO - [2026-06-11T17:39:08.546+0000] {dag.py:3834} INFO - Setting next_dagrun for restaurante_pipeline_etl to 2026-06-10 02:00:00+00:00, run_after=2026-06-11 02:00:00+00:00
[2026-06-11T17:39:08.571+0000] {processor.py:183} INFO - Processing /opt/airflow/dags/restaurante_pipeline.py took 0.117 seconds
[2026-06-11T17:39:38.640+0000] {processor.py:161} INFO - Started process (PID=182) to work on /opt/airflow/dags/restaurante_pipeline.py
[2026-06-11T17:39:38.641+0000] {processor.py:830} INFO - Processing file /opt/airflow/dags/restaurante_pipeline.py for tasks to queue
[2026-06-11T17:39:38.642+0000] {logging_mixin.py:188} INFO - [2026-06-11T17:39:38.642+0000] {dagbag.py:540} INFO - Filling up the DagBag from /opt/airflow/dags/restaurante_pipeline.py
[2026-06-11T17:39:38.661+0000] {processor.py:840} INFO - DAG(s) 'restaurante_pipeline_etl' retrieved from /opt/airflow/dags/restaurante_pipeline.py
[2026-06-11T17:39:38.692+0000] {logging_mixin.py:188} INFO - [2026-06-11T17:39:38.692+0000] {dag.py:3047} INFO - Sync 1 DAGs
[2026-06-11T17:39:38.717+0000] {logging_mixin.py:188} INFO - [2026-06-11T17:39:38.717+0000] {dag.py:3834} INFO - Setting next_dagrun for restaurante_pipeline_etl to 2026-06-10 02:00:00+00:00, run_after=2026-06-11 02:00:00+00:00
[2026-06-11T17:39:38.741+0000] {processor.py:183} INFO - Processing /opt/airflow/dags/restaurante_pipeline.py took 0.104 seconds
[2026-06-11T17:40:09.003+0000] {processor.py:161} INFO - Started process (PID=187) to work on /opt/airflow/dags/restaurante_pipeline.py
[2026-06-11T17:40:09.004+0000] {processor.py:830} INFO - Processing file /opt/airflow/dags/restaurante_pipeline.py for tasks to queue
[2026-06-11T17:40:09.005+0000] {logging_mixin.py:188} INFO - [2026-06-11T17:40:09.004+0000] {dagbag.py:540} INFO - Filling up the DagBag from /opt/airflow/dags/restaurante_pipeline.py
[2026-06-11T17:40:09.025+0000] {processor.py:840} INFO - DAG(s) 'restaurante_pipeline_etl' retrieved from /opt/airflow/dags/restaurante_pipeline.py
[2026-06-11T17:40:09.056+0000] {logging_mixin.py:188} INFO - [2026-06-11T17:40:09.056+0000] {dag.py:3047} INFO - Sync 1 DAGs
[2026-06-11T17:40:09.083+0000] {logging_mixin.py:188} INFO - [2026-06-11T17:40:09.083+0000] {dag.py:3834} INFO - Setting next_dagrun for restaurante_pipeline_etl to 2026-06-10 02:00:00+00:00, run_after=2026-06-11 02:00:00+00:00
[2026-06-11T17:40:09.103+0000] {processor.py:183} INFO - Processing /opt/airflow/dags/restaurante_pipeline.py took 0.104 seconds
[2026-06-11T17:40:39.240+0000] {processor.py:161} INFO - Started process (PID=192) to work on /opt/airflow/dags/restaurante_pipeline.py
[2026-06-11T17:40:39.241+0000] {processor.py:830} INFO - Processing file /opt/airflow/dags/restaurante_pipeline.py for tasks to queue
[2026-06-11T17:40:39.242+0000] {logging_mixin.py:188} INFO - [2026-06-11T17:40:39.242+0000] {dagbag.py:540} INFO - Filling up the DagBag from /opt/airflow/dags/restaurante_pipeline.py
[2026-06-11T17:40:39.263+0000] {processor.py:840} INFO - DAG(s) 'restaurante_pipeline_etl' retrieved from /opt/airflow/dags/restaurante_pipeline.py
[2026-06-11T17:40:39.306+0000] {logging_mixin.py:188} INFO - [2026-06-11T17:40:39.305+0000] {dag.py:3047} INFO - Sync 1 DAGs
[2026-06-11T17:40:39.336+0000] {logging_mixin.py:188} INFO - [2026-06-11T17:40:39.336+0000] {dag.py:3834} INFO - Setting next_dagrun for restaurante_pipeline_etl to 2026-06-10 02:00:00+00:00, run_after=2026-06-11 02:00:00+00:00
[2026-06-11T17:40:39.368+0000] {processor.py:183} INFO - Processing /opt/airflow/dags/restaurante_pipeline.py took 0.132 seconds
[2026-06-11T17:41:09.588+0000] {processor.py:161} INFO - Started process (PID=197) to work on /opt/airflow/dags/restaurante_pipeline.py
[2026-06-11T17:41:09.589+0000] {processor.py:830} INFO - Processing file /opt/airflow/dags/restaurante_pipeline.py for tasks to queue
[2026-06-11T17:41:09.592+0000] {logging_mixin.py:188} INFO - [2026-06-11T17:41:09.591+0000] {dagbag.py:540} INFO - Filling up the DagBag from /opt/airflow/dags/restaurante_pipeline.py
[2026-06-11T17:41:09.614+0000] {processor.py:840} INFO - DAG(s) 'restaurante_pipeline_etl' retrieved from /opt/airflow/dags/restaurante_pipeline.py
[2026-06-11T17:41:09.643+0000] {logging_mixin.py:188} INFO - [2026-06-11T17:41:09.643+0000] {dag.py:3047} INFO - Sync 1 DAGs
[2026-06-11T17:41:09.685+0000] {logging_mixin.py:188} INFO - [2026-06-11T17:41:09.685+0000] {dag.py:3834} INFO - Setting next_dagrun for restaurante_pipeline_etl to 2026-06-10 02:00:00+00:00, run_after=2026-06-11 02:00:00+00:00
[2026-06-11T17:41:09.715+0000] {processor.py:183} INFO - Processing /opt/airflow/dags/restaurante_pipeline.py took 0.130 seconds
[2026-06-11T17:41:39.849+0000] {processor.py:161} INFO - Started process (PID=202) to work on /opt/airflow/dags/restaurante_pipeline.py
[2026-06-11T17:41:39.850+0000] {processor.py:830} INFO - Processing file /opt/airflow/dags/restaurante_pipeline.py for tasks to queue
[2026-06-11T17:41:39.852+0000] {logging_mixin.py:188} INFO - [2026-06-11T17:41:39.851+0000] {dagbag.py:540} INFO - Filling up the DagBag from /opt/airflow/dags/restaurante_pipeline.py
[2026-06-11T17:41:39.874+0000] {processor.py:840} INFO - DAG(s) 'restaurante_pipeline_etl' retrieved from /opt/airflow/dags/restaurante_pipeline.py
[2026-06-11T17:41:39.909+0000] {logging_mixin.py:188} INFO - [2026-06-11T17:41:39.908+0000] {dag.py:3047} INFO - Sync 1 DAGs
[2026-06-11T17:41:39.945+0000] {logging_mixin.py:188} INFO - [2026-06-11T17:41:39.945+0000] {dag.py:3834} INFO - Setting next_dagrun for restaurante_pipeline_etl to 2026-06-10 02:00:00+00:00, run_after=2026-06-11 02:00:00+00:00
[2026-06-11T17:41:39.969+0000] {processor.py:183} INFO - Processing /opt/airflow/dags/restaurante_pipeline.py took 0.124 seconds
[2026-06-11T17:42:10.138+0000] {processor.py:161} INFO - Started process (PID=207) to work on /opt/airflow/dags/restaurante_pipeline.py
[2026-06-11T17:42:10.140+0000] {processor.py:830} INFO - Processing file /opt/airflow/dags/restaurante_pipeline.py for tasks to queue
[2026-06-11T17:42:10.141+0000] {logging_mixin.py:188} INFO - [2026-06-11T17:42:10.140+0000] {dagbag.py:540} INFO - Filling up the DagBag from /opt/airflow/dags/restaurante_pipeline.py
[2026-06-11T17:42:10.166+0000] {processor.py:840} INFO - DAG(s) 'restaurante_pipeline_etl' retrieved from /opt/airflow/dags/restaurante_pipeline.py
[2026-06-11T17:42:10.199+0000] {logging_mixin.py:188} INFO - [2026-06-11T17:42:10.199+0000] {dag.py:3047} INFO - Sync 1 DAGs
[2026-06-11T17:42:10.226+0000] {logging_mixin.py:188} INFO - [2026-06-11T17:42:10.226+0000] {dag.py:3834} INFO - Setting next_dagrun for restaurante_pipeline_etl to 2026-06-10 02:00:00+00:00, run_after=2026-06-11 02:00:00+00:00
[2026-06-11T17:42:10.248+0000] {processor.py:183} INFO - Processing /opt/airflow/dags/restaurante_pipeline.py took 0.114 seconds
[2026-06-11T17:42:40.436+0000] {processor.py:161} INFO - Started process (PID=212) to work on /opt/airflow/dags/restaurante_pipeline.py
[2026-06-11T17:42:40.437+0000] {processor.py:830} INFO - Processing file /opt/airflow/dags/restaurante_pipeline.py for tasks to queue
[2026-06-11T17:42:40.438+0000] {logging_mixin.py:188} INFO - [2026-06-11T17:42:40.438+0000] {dagbag.py:540} INFO - Filling up the DagBag from /opt/airflow/dags/restaurante_pipeline.py
[2026-06-11T17:42:40.458+0000] {processor.py:840} INFO - DAG(s) 'restaurante_pipeline_etl' retrieved from /opt/airflow/dags/restaurante_pipeline.py
[2026-06-11T17:42:40.491+0000] {logging_mixin.py:188} INFO - [2026-06-11T17:42:40.490+0000] {dag.py:3047} INFO - Sync 1 DAGs
[2026-06-11T17:42:40.518+0000] {logging_mixin.py:188} INFO - [2026-06-11T17:42:40.518+0000] {dag.py:3834} INFO - Setting next_dagrun for restaurante_pipeline_etl to 2026-06-10 02:00:00+00:00, run_after=2026-06-11 02:00:00+00:00
[2026-06-11T17:42:40.541+0000] {processor.py:183} INFO - Processing /opt/airflow/dags/restaurante_pipeline.py took 0.109 seconds
[2026-06-11T17:43:10.737+0000] {processor.py:161} INFO - Started process (PID=217) to work on /opt/airflow/dags/restaurante_pipeline.py
[2026-06-11T17:43:10.738+0000] {processor.py:830} INFO - Processing file /opt/airflow/dags/restaurante_pipeline.py for tasks to queue
[2026-06-11T17:43:10.739+0000] {logging_mixin.py:188} INFO - [2026-06-11T17:43:10.739+0000] {dagbag.py:540} INFO - Filling up the DagBag from /opt/airflow/dags/restaurante_pipeline.py
[2026-06-11T17:43:10.761+0000] {processor.py:840} INFO - DAG(s) 'restaurante_pipeline_etl' retrieved from /opt/airflow/dags/restaurante_pipeline.py
[2026-06-11T17:43:10.797+0000] {logging_mixin.py:188} INFO - [2026-06-11T17:43:10.797+0000] {dag.py:3047} INFO - Sync 1 DAGs
[2026-06-11T17:43:10.825+0000] {logging_mixin.py:188} INFO - [2026-06-11T17:43:10.825+0000] {dag.py:3834} INFO - Setting next_dagrun for restaurante_pipeline_etl to 2026-06-10 02:00:00+00:00, run_after=2026-06-11 02:00:00+00:00
[2026-06-11T17:43:10.861+0000] {processor.py:183} INFO - Processing /opt/airflow/dags/restaurante_pipeline.py took 0.127 seconds
[2026-06-11T17:43:41.023+0000] {processor.py:161} INFO - Started process (PID=222) to work on /opt/airflow/dags/restaurante_pipeline.py
[2026-06-11T17:43:41.024+0000] {processor.py:830} INFO - Processing file /opt/airflow/dags/restaurante_pipeline.py for tasks to queue
[2026-06-11T17:43:41.026+0000] {logging_mixin.py:188} INFO - [2026-06-11T17:43:41.025+0000] {dagbag.py:540} INFO - Filling up the DagBag from /opt/airflow/dags/restaurante_pipeline.py
[2026-06-11T17:43:41.048+0000] {processor.py:840} INFO - DAG(s) 'restaurante_pipeline_etl' retrieved from /opt/airflow/dags/restaurante_pipeline.py
[2026-06-11T17:43:41.081+0000] {logging_mixin.py:188} INFO - [2026-06-11T17:43:41.080+0000] {dag.py:3047} INFO - Sync 1 DAGs
[2026-06-11T17:43:41.109+0000] {logging_mixin.py:188} INFO - [2026-06-11T17:43:41.108+0000] {dag.py:3834} INFO - Setting next_dagrun for restaurante_pipeline_etl to 2026-06-10 02:00:00+00:00, run_after=2026-06-11 02:00:00+00:00
[2026-06-11T17:43:41.130+0000] {processor.py:183} INFO - Processing /opt/airflow/dags/restaurante_pipeline.py took 0.110 seconds
[2026-06-11T17:44:11.331+0000] {processor.py:161} INFO - Started process (PID=227) to work on /opt/airflow/dags/restaurante_pipeline.py
[2026-06-11T17:44:11.332+0000] {processor.py:830} INFO - Processing file /opt/airflow/dags/restaurante_pipeline.py for tasks to queue
[2026-06-11T17:44:11.334+0000] {logging_mixin.py:188} INFO - [2026-06-11T17:44:11.333+0000] {dagbag.py:540} INFO - Filling up the DagBag from /opt/airflow/dags/restaurante_pipeline.py
[2026-06-11T17:44:11.356+0000] {processor.py:840} INFO - DAG(s) 'restaurante_pipeline_etl' retrieved from /opt/airflow/dags/restaurante_pipeline.py
[2026-06-11T17:44:11.396+0000] {logging_mixin.py:188} INFO - [2026-06-11T17:44:11.395+0000] {dag.py:3047} INFO - Sync 1 DAGs
[2026-06-11T17:44:11.426+0000] {logging_mixin.py:188} INFO - [2026-06-11T17:44:11.426+0000] {dag.py:3834} INFO - Setting next_dagrun for restaurante_pipeline_etl to 2026-06-10 02:00:00+00:00, run_after=2026-06-11 02:00:00+00:00
[2026-06-11T17:44:11.456+0000] {processor.py:183} INFO - Processing /opt/airflow/dags/restaurante_pipeline.py took 0.129 seconds
[2026-06-11T17:44:41.561+0000] {processor.py:161} INFO - Started process (PID=232) to work on /opt/airflow/dags/restaurante_pipeline.py
[2026-06-11T17:44:41.563+0000] {processor.py:830} INFO - Processing file /opt/airflow/dags/restaurante_pipeline.py for tasks to queue
[2026-06-11T17:44:41.564+0000] {logging_mixin.py:188} INFO - [2026-06-11T17:44:41.563+0000] {dagbag.py:540} INFO - Filling up the DagBag from /opt/airflow/dags/restaurante_pipeline.py
[2026-06-11T17:44:41.582+0000] {processor.py:840} INFO - DAG(s) 'restaurante_pipeline_etl' retrieved from /opt/airflow/dags/restaurante_pipeline.py
[2026-06-11T17:44:41.614+0000] {logging_mixin.py:188} INFO - [2026-06-11T17:44:41.614+0000] {dag.py:3047} INFO - Sync 1 DAGs
[2026-06-11T17:44:41.639+0000] {logging_mixin.py:188} INFO - [2026-06-11T17:44:41.638+0000] {dag.py:3834} INFO - Setting next_dagrun for restaurante_pipeline_etl to 2026-06-10 02:00:00+00:00, run_after=2026-06-11 02:00:00+00:00
[2026-06-11T17:44:41.662+0000] {processor.py:183} INFO - Processing /opt/airflow/dags/restaurante_pipeline.py took 0.104 seconds
[2026-06-11T17:45:11.926+0000] {processor.py:161} INFO - Started process (PID=237) to work on /opt/airflow/dags/restaurante_pipeline.py
[2026-06-11T17:45:11.927+0000] {processor.py:830} INFO - Processing file /opt/airflow/dags/restaurante_pipeline.py for tasks to queue
[2026-06-11T17:45:11.928+0000] {logging_mixin.py:188} INFO - [2026-06-11T17:45:11.928+0000] {dagbag.py:540} INFO - Filling up the DagBag from /opt/airflow/dags/restaurante_pipeline.py
[2026-06-11T17:45:11.946+0000] {processor.py:840} INFO - DAG(s) 'restaurante_pipeline_etl' retrieved from /opt/airflow/dags/restaurante_pipeline.py
[2026-06-11T17:45:11.975+0000] {logging_mixin.py:188} INFO - [2026-06-11T17:45:11.975+0000] {dag.py:3047} INFO - Sync 1 DAGs
[2026-06-11T17:45:12.000+0000] {logging_mixin.py:188} INFO - [2026-06-11T17:45:11.999+0000] {dag.py:3834} INFO - Setting next_dagrun for restaurante_pipeline_etl to 2026-06-10 02:00:00+00:00, run_after=2026-06-11 02:00:00+00:00
[2026-06-11T17:45:12.024+0000] {processor.py:183} INFO - Processing /opt/airflow/dags/restaurante_pipeline.py took 0.101 seconds
[2026-06-11T17:45:42.189+0000] {processor.py:161} INFO - Started process (PID=242) to work on /opt/airflow/dags/restaurante_pipeline.py
[2026-06-11T17:45:42.191+0000] {processor.py:830} INFO - Processing file /opt/airflow/dags/restaurante_pipeline.py for tasks to queue
[2026-06-11T17:45:42.192+0000] {logging_mixin.py:188} INFO - [2026-06-11T17:45:42.191+0000] {dagbag.py:540} INFO - Filling up the DagBag from /opt/airflow/dags/restaurante_pipeline.py
[2026-06-11T17:45:42.212+0000] {processor.py:840} INFO - DAG(s) 'restaurante_pipeline_etl' retrieved from /opt/airflow/dags/restaurante_pipeline.py
[2026-06-11T17:45:42.246+0000] {logging_mixin.py:188} INFO - [2026-06-11T17:45:42.246+0000] {dag.py:3047} INFO - Sync 1 DAGs
[2026-06-11T17:45:42.272+0000] {logging_mixin.py:188} INFO - [2026-06-11T17:45:42.272+0000] {dag.py:3834} INFO - Setting next_dagrun for restaurante_pipeline_etl to 2026-06-10 02:00:00+00:00, run_after=2026-06-11 02:00:00+00:00
[2026-06-11T17:45:42.295+0000] {processor.py:183} INFO - Processing /opt/airflow/dags/restaurante_pipeline.py took 0.110 seconds
[2026-06-11T17:46:12.540+0000] {processor.py:161} INFO - Started process (PID=247) to work on /opt/airflow/dags/restaurante_pipeline.py
[2026-06-11T17:46:12.541+0000] {processor.py:830} INFO - Processing file /opt/airflow/dags/restaurante_pipeline.py for tasks to queue
[2026-06-11T17:46:12.542+0000] {logging_mixin.py:188} INFO - [2026-06-11T17:46:12.542+0000] {dagbag.py:540} INFO - Filling up the DagBag from /opt/airflow/dags/restaurante_pipeline.py
[2026-06-11T17:46:12.562+0000] {processor.py:840} INFO - DAG(s) 'restaurante_pipeline_etl' retrieved from /opt/airflow/dags/restaurante_pipeline.py
[2026-06-11T17:46:12.595+0000] {logging_mixin.py:188} INFO - [2026-06-11T17:46:12.594+0000] {dag.py:3047} INFO - Sync 1 DAGs
[2026-06-11T17:46:12.624+0000] {logging_mixin.py:188} INFO - [2026-06-11T17:46:12.623+0000] {dag.py:3834} INFO - Setting next_dagrun for restaurante_pipeline_etl to 2026-06-10 02:00:00+00:00, run_after=2026-06-11 02:00:00+00:00
[2026-06-11T17:46:12.657+0000] {processor.py:183} INFO - Processing /opt/airflow/dags/restaurante_pipeline.py took 0.120 seconds
[2026-06-11T17:46:42.782+0000] {processor.py:161} INFO - Started process (PID=252) to work on /opt/airflow/dags/restaurante_pipeline.py
[2026-06-11T17:46:42.784+0000] {processor.py:830} INFO - Processing file /opt/airflow/dags/restaurante_pipeline.py for tasks to queue
[2026-06-11T17:46:42.785+0000] {logging_mixin.py:188} INFO - [2026-06-11T17:46:42.784+0000] {dagbag.py:540} INFO - Filling up the DagBag from /opt/airflow/dags/restaurante_pipeline.py
[2026-06-11T17:46:42.811+0000] {processor.py:840} INFO - DAG(s) 'restaurante_pipeline_etl' retrieved from /opt/airflow/dags/restaurante_pipeline.py
[2026-06-11T17:46:42.852+0000] {logging_mixin.py:188} INFO - [2026-06-11T17:46:42.852+0000] {dag.py:3047} INFO - Sync 1 DAGs
[2026-06-11T17:46:42.884+0000] {logging_mixin.py:188} INFO - [2026-06-11T17:46:42.884+0000] {dag.py:3834} INFO - Setting next_dagrun for restaurante_pipeline_etl to 2026-06-10 02:00:00+00:00, run_after=2026-06-11 02:00:00+00:00
[2026-06-11T17:46:42.912+0000] {processor.py:183} INFO - Processing /opt/airflow/dags/restaurante_pipeline.py took 0.135 seconds
[2026-06-11T17:47:13.106+0000] {processor.py:161} INFO - Started process (PID=257) to work on /opt/airflow/dags/restaurante_pipeline.py
[2026-06-11T17:47:13.109+0000] {processor.py:830} INFO - Processing file /opt/airflow/dags/restaurante_pipeline.py for tasks to queue
[2026-06-11T17:47:13.111+0000] {logging_mixin.py:188} INFO - [2026-06-11T17:47:13.110+0000] {dagbag.py:540} INFO - Filling up the DagBag from /opt/airflow/dags/restaurante_pipeline.py
[2026-06-11T17:47:13.150+0000] {processor.py:840} INFO - DAG(s) 'restaurante_pipeline_etl' retrieved from /opt/airflow/dags/restaurante_pipeline.py
[2026-06-11T17:47:13.233+0000] {logging_mixin.py:188} INFO - [2026-06-11T17:47:13.232+0000] {dag.py:3047} INFO - Sync 1 DAGs
[2026-06-11T17:47:13.297+0000] {logging_mixin.py:188} INFO - [2026-06-11T17:47:13.297+0000] {dag.py:3834} INFO - Setting next_dagrun for restaurante_pipeline_etl to 2026-06-10 02:00:00+00:00, run_after=2026-06-11 02:00:00+00:00
[2026-06-11T17:47:13.378+0000] {processor.py:183} INFO - Processing /opt/airflow/dags/restaurante_pipeline.py took 0.277 seconds
[2026-06-11T17:47:43.629+0000] {processor.py:161} INFO - Started process (PID=262) to work on /opt/airflow/dags/restaurante_pipeline.py
[2026-06-11T17:47:43.630+0000] {processor.py:830} INFO - Processing file /opt/airflow/dags/restaurante_pipeline.py for tasks to queue
[2026-06-11T17:47:43.631+0000] {logging_mixin.py:188} INFO - [2026-06-11T17:47:43.631+0000] {dagbag.py:540} INFO - Filling up the DagBag from /opt/airflow/dags/restaurante_pipeline.py
[2026-06-11T17:47:43.652+0000] {processor.py:840} INFO - DAG(s) 'restaurante_pipeline_etl' retrieved from /opt/airflow/dags/restaurante_pipeline.py
[2026-06-11T17:47:43.685+0000] {logging_mixin.py:188} INFO - [2026-06-11T17:47:43.684+0000] {dag.py:3047} INFO - Sync 1 DAGs
[2026-06-11T17:47:43.711+0000] {logging_mixin.py:188} INFO - [2026-06-11T17:47:43.711+0000] {dag.py:3834} INFO - Setting next_dagrun for restaurante_pipeline_etl to 2026-06-10 02:00:00+00:00, run_after=2026-06-11 02:00:00+00:00
[2026-06-11T17:47:43.735+0000] {processor.py:183} INFO - Processing /opt/airflow/dags/restaurante_pipeline.py took 0.110 seconds
[2026-06-11T17:48:13.912+0000] {processor.py:161} INFO - Started process (PID=267) to work on /opt/airflow/dags/restaurante_pipeline.py
[2026-06-11T17:48:13.917+0000] {processor.py:830} INFO - Processing file /opt/airflow/dags/restaurante_pipeline.py for tasks to queue
[2026-06-11T17:48:13.919+0000] {logging_mixin.py:188} INFO - [2026-06-11T17:48:13.918+0000] {dagbag.py:540} INFO - Filling up the DagBag from /opt/airflow/dags/restaurante_pipeline.py
[2026-06-11T17:48:13.939+0000] {processor.py:840} INFO - DAG(s) 'restaurante_pipeline_etl' retrieved from /opt/airflow/dags/restaurante_pipeline.py
[2026-06-11T17:48:13.971+0000] {logging_mixin.py:188} INFO - [2026-06-11T17:48:13.971+0000] {dag.py:3047} INFO - Sync 1 DAGs
[2026-06-11T17:48:13.999+0000] {logging_mixin.py:188} INFO - [2026-06-11T17:48:13.998+0000] {dag.py:3834} INFO - Setting next_dagrun for restaurante_pipeline_etl to 2026-06-10 02:00:00+00:00, run_after=2026-06-11 02:00:00+00:00
[2026-06-11T17:48:14.021+0000] {processor.py:183} INFO - Processing /opt/airflow/dags/restaurante_pipeline.py took 0.113 seconds
[2026-06-11T17:48:44.131+0000] {processor.py:161} INFO - Started process (PID=272) to work on /opt/airflow/dags/restaurante_pipeline.py
[2026-06-11T17:48:44.132+0000] {processor.py:830} INFO - Processing file /opt/airflow/dags/restaurante_pipeline.py for tasks to queue
[2026-06-11T17:48:44.133+0000] {logging_mixin.py:188} INFO - [2026-06-11T17:48:44.133+0000] {dagbag.py:540} INFO - Filling up the DagBag from /opt/airflow/dags/restaurante_pipeline.py
[2026-06-11T17:48:44.152+0000] {processor.py:840} INFO - DAG(s) 'restaurante_pipeline_etl' retrieved from /opt/airflow/dags/restaurante_pipeline.py
[2026-06-11T17:48:44.184+0000] {logging_mixin.py:188} INFO - [2026-06-11T17:48:44.183+0000] {dag.py:3047} INFO - Sync 1 DAGs
[2026-06-11T17:48:44.210+0000] {logging_mixin.py:188} INFO - [2026-06-11T17:48:44.210+0000] {dag.py:3834} INFO - Setting next_dagrun for restaurante_pipeline_etl to 2026-06-10 02:00:00+00:00, run_after=2026-06-11 02:00:00+00:00
[2026-06-11T17:48:44.235+0000] {processor.py:183} INFO - Processing /opt/airflow/dags/restaurante_pipeline.py took 0.108 seconds
[2026-06-11T17:49:14.456+0000] {processor.py:161} INFO - Started process (PID=277) to work on /opt/airflow/dags/restaurante_pipeline.py
[2026-06-11T17:49:14.457+0000] {processor.py:830} INFO - Processing file /opt/airflow/dags/restaurante_pipeline.py for tasks to queue
[2026-06-11T17:49:14.459+0000] {logging_mixin.py:188} INFO - [2026-06-11T17:49:14.458+0000] {dagbag.py:540} INFO - Filling up the DagBag from /opt/airflow/dags/restaurante_pipeline.py
[2026-06-11T17:49:14.477+0000] {processor.py:840} INFO - DAG(s) 'restaurante_pipeline_etl' retrieved from /opt/airflow/dags/restaurante_pipeline.py
[2026-06-11T17:49:14.508+0000] {logging_mixin.py:188} INFO - [2026-06-11T17:49:14.508+0000] {dag.py:3047} INFO - Sync 1 DAGs
[2026-06-11T17:49:14.534+0000] {logging_mixin.py:188} INFO - [2026-06-11T17:49:14.534+0000] {dag.py:3834} INFO - Setting next_dagrun for restaurante_pipeline_etl to 2026-06-10 02:00:00+00:00, run_after=2026-06-11 02:00:00+00:00
[2026-06-11T17:49:14.558+0000] {processor.py:183} INFO - Processing /opt/airflow/dags/restaurante_pipeline.py took 0.105 seconds
[2026-06-11T17:49:44.695+0000] {processor.py:161} INFO - Started process (PID=282) to work on /opt/airflow/dags/restaurante_pipeline.py
[2026-06-11T17:49:44.697+0000] {processor.py:830} INFO - Processing file /opt/airflow/dags/restaurante_pipeline.py for tasks to queue
[2026-06-11T17:49:44.698+0000] {logging_mixin.py:188} INFO - [2026-06-11T17:49:44.698+0000] {dagbag.py:540} INFO - Filling up the DagBag from /opt/airflow/dags/restaurante_pipeline.py
[2026-06-11T17:49:44.720+0000] {processor.py:840} INFO - DAG(s) 'restaurante_pipeline_etl' retrieved from /opt/airflow/dags/restaurante_pipeline.py
[2026-06-11T17:49:44.765+0000] {logging_mixin.py:188} INFO - [2026-06-11T17:49:44.765+0000] {dag.py:3047} INFO - Sync 1 DAGs
[2026-06-11T17:49:44.798+0000] {logging_mixin.py:188} INFO - [2026-06-11T17:49:44.798+0000] {dag.py:3834} INFO - Setting next_dagrun for restaurante_pipeline_etl to 2026-06-10 02:00:00+00:00, run_after=2026-06-11 02:00:00+00:00
[2026-06-11T17:49:44.837+0000] {processor.py:183} INFO - Processing /opt/airflow/dags/restaurante_pipeline.py took 0.146 seconds
[2026-06-11T17:50:15.300+0000] {processor.py:161} INFO - Started process (PID=287) to work on /opt/airflow/dags/restaurante_pipeline.py
[2026-06-11T17:50:15.311+0000] {processor.py:830} INFO - Processing file /opt/airflow/dags/restaurante_pipeline.py for tasks to queue
[2026-06-11T17:50:15.324+0000] {logging_mixin.py:188} INFO - [2026-06-11T17:50:15.323+0000] {dagbag.py:540} INFO - Filling up the DagBag from /opt/airflow/dags/restaurante_pipeline.py
[2026-06-11T17:50:15.476+0000] {processor.py:840} INFO - DAG(s) 'restaurante_pipeline_etl' retrieved from /opt/airflow/dags/restaurante_pipeline.py
[2026-06-11T17:50:15.628+0000] {logging_mixin.py:188} INFO - [2026-06-11T17:50:15.623+0000] {dag.py:3047} INFO - Sync 1 DAGs
[2026-06-11T17:50:15.719+0000] {logging_mixin.py:188} INFO - [2026-06-11T17:50:15.718+0000] {dag.py:3834} INFO - Setting next_dagrun for restaurante_pipeline_etl to 2026-06-10 02:00:00+00:00, run_after=2026-06-11 02:00:00+00:00
[2026-06-11T17:50:15.806+0000] {processor.py:183} INFO - Processing /opt/airflow/dags/restaurante_pipeline.py took 0.513 seconds
[2026-06-11T17:50:46.101+0000] {processor.py:161} INFO - Started process (PID=292) to work on /opt/airflow/dags/restaurante_pipeline.py
[2026-06-11T17:50:46.103+0000] {processor.py:830} INFO - Processing file /opt/airflow/dags/restaurante_pipeline.py for tasks to queue
[2026-06-11T17:50:46.105+0000] {logging_mixin.py:188} INFO - [2026-06-11T17:50:46.104+0000] {dagbag.py:540} INFO - Filling up the DagBag from /opt/airflow/dags/restaurante_pipeline.py
[2026-06-11T17:50:46.130+0000] {processor.py:840} INFO - DAG(s) 'restaurante_pipeline_etl' retrieved from /opt/airflow/dags/restaurante_pipeline.py
[2026-06-11T17:50:46.168+0000] {logging_mixin.py:188} INFO - [2026-06-11T17:50:46.168+0000] {dag.py:3047} INFO - Sync 1 DAGs
[2026-06-11T17:50:46.197+0000] {logging_mixin.py:188} INFO - [2026-06-11T17:50:46.197+0000] {dag.py:3834} INFO - Setting next_dagrun for restaurante_pipeline_etl to 2026-06-10 02:00:00+00:00, run_after=2026-06-11 02:00:00+00:00
[2026-06-11T17:50:46.222+0000] {processor.py:183} INFO - Processing /opt/airflow/dags/restaurante_pipeline.py took 0.128 seconds
[2026-06-11T17:51:16.350+0000] {processor.py:161} INFO - Started process (PID=297) to work on /opt/airflow/dags/restaurante_pipeline.py
[2026-06-11T17:51:16.351+0000] {processor.py:830} INFO - Processing file /opt/airflow/dags/restaurante_pipeline.py for tasks to queue
[2026-06-11T17:51:16.353+0000] {logging_mixin.py:188} INFO - [2026-06-11T17:51:16.352+0000] {dagbag.py:540} INFO - Filling up the DagBag from /opt/airflow/dags/restaurante_pipeline.py
[2026-06-11T17:51:16.378+0000] {processor.py:840} INFO - DAG(s) 'restaurante_pipeline_etl' retrieved from /opt/airflow/dags/restaurante_pipeline.py
[2026-06-11T17:51:16.412+0000] {logging_mixin.py:188} INFO - [2026-06-11T17:51:16.412+0000] {dag.py:3047} INFO - Sync 1 DAGs
[2026-06-11T17:51:16.439+0000] {logging_mixin.py:188} INFO - [2026-06-11T17:51:16.439+0000] {dag.py:3834} INFO - Setting next_dagrun for restaurante_pipeline_etl to 2026-06-10 02:00:00+00:00, run_after=2026-06-11 02:00:00+00:00
[2026-06-11T17:51:16.465+0000] {processor.py:183} INFO - Processing /opt/airflow/dags/restaurante_pipeline.py took 0.119 seconds
[2026-06-11T17:51:46.661+0000] {processor.py:161} INFO - Started process (PID=302) to work on /opt/airflow/dags/restaurante_pipeline.py
[2026-06-11T17:51:46.663+0000] {processor.py:830} INFO - Processing file /opt/airflow/dags/restaurante_pipeline.py for tasks to queue
[2026-06-11T17:51:46.664+0000] {logging_mixin.py:188} INFO - [2026-06-11T17:51:46.663+0000] {dagbag.py:540} INFO - Filling up the DagBag from /opt/airflow/dags/restaurante_pipeline.py
[2026-06-11T17:51:46.686+0000] {processor.py:840} INFO - DAG(s) 'restaurante_pipeline_etl' retrieved from /opt/airflow/dags/restaurante_pipeline.py
[2026-06-11T17:51:46.722+0000] {logging_mixin.py:188} INFO - [2026-06-11T17:51:46.722+0000] {dag.py:3047} INFO - Sync 1 DAGs
[2026-06-11T17:51:46.758+0000] {logging_mixin.py:188} INFO - [2026-06-11T17:51:46.758+0000] {dag.py:3834} INFO - Setting next_dagrun for restaurante_pipeline_etl to 2026-06-10 02:00:00+00:00, run_after=2026-06-11 02:00:00+00:00
[2026-06-11T17:51:46.785+0000] {processor.py:183} INFO - Processing /opt/airflow/dags/restaurante_pipeline.py took 0.129 seconds
[2026-06-11T17:52:16.921+0000] {processor.py:161} INFO - Started process (PID=315) to work on /opt/airflow/dags/restaurante_pipeline.py
[2026-06-11T17:52:16.923+0000] {processor.py:830} INFO - Processing file /opt/airflow/dags/restaurante_pipeline.py for tasks to queue
[2026-06-11T17:52:16.925+0000] {logging_mixin.py:188} INFO - [2026-06-11T17:52:16.924+0000] {dagbag.py:540} INFO - Filling up the DagBag from /opt/airflow/dags/restaurante_pipeline.py
[2026-06-11T17:52:16.965+0000] {processor.py:840} INFO - DAG(s) 'restaurante_pipeline_etl' retrieved from /opt/airflow/dags/restaurante_pipeline.py
[2026-06-11T17:52:17.027+0000] {logging_mixin.py:188} INFO - [2026-06-11T17:52:17.027+0000] {dag.py:3047} INFO - Sync 1 DAGs
[2026-06-11T17:52:17.076+0000] {logging_mixin.py:188} INFO - [2026-06-11T17:52:17.076+0000] {dag.py:3834} INFO - Setting next_dagrun for restaurante_pipeline_etl to 2026-06-11 02:00:00+00:00, run_after=2026-06-12 02:00:00+00:00
[2026-06-11T17:52:17.147+0000] {processor.py:183} INFO - Processing /opt/airflow/dags/restaurante_pipeline.py took 0.233 seconds
[2026-06-11T17:56:49.634+0000] {processor.py:161} INFO - Started process (PID=320) to work on /opt/airflow/dags/restaurante_pipeline.py
[2026-06-11T17:56:49.642+0000] {processor.py:830} INFO - Processing file /opt/airflow/dags/restaurante_pipeline.py for tasks to queue
[2026-06-11T17:56:49.746+0000] {logging_mixin.py:188} INFO - [2026-06-11T17:56:49.666+0000] {dagbag.py:540} INFO - Filling up the DagBag from /opt/airflow/dags/restaurante_pipeline.py
[2026-06-11T18:01:35.879+0000] {processor.py:161} INFO - Started process (PID=323) to work on /opt/airflow/dags/restaurante_pipeline.py
[2026-06-11T18:01:35.888+0000] {processor.py:830} INFO - Processing file /opt/airflow/dags/restaurante_pipeline.py for tasks to queue
[2026-06-11T18:01:35.952+0000] {logging_mixin.py:188} INFO - [2026-06-11T18:01:35.891+0000] {dagbag.py:540} INFO - Filling up the DagBag from /opt/airflow/dags/restaurante_pipeline.py
[2026-06-11T18:01:38.156+0000] {processor.py:840} INFO - DAG(s) 'restaurante_pipeline_etl' retrieved from /opt/airflow/dags/restaurante_pipeline.py
[2026-06-11T18:02:02.986+0000] {processor.py:161} INFO - Started process (PID=326) to work on /opt/airflow/dags/restaurante_pipeline.py
[2026-06-11T18:02:03.012+0000] {processor.py:830} INFO - Processing file /opt/airflow/dags/restaurante_pipeline.py for tasks to queue
[2026-06-11T18:02:03.032+0000] {logging_mixin.py:188} INFO - [2026-06-11T18:02:03.021+0000] {dagbag.py:540} INFO - Filling up the DagBag from /opt/airflow/dags/restaurante_pipeline.py
[2026-06-11T18:02:10.387+0000] {processor.py:840} INFO - DAG(s) 'restaurante_pipeline_etl' retrieved from /opt/airflow/dags/restaurante_pipeline.py
[2026-06-11T18:02:25.601+0000] {processor.py:715} ERROR - Error executing TaskCallbackRequest callback for file: /opt/airflow/dags/restaurante_pipeline.py
Traceback (most recent call last):
  File "/home/airflow/.local/lib/python3.8/site-packages/sqlalchemy/engine/base.py", line 3371, in _wrap_pool_connect
    return fn()
  File "/home/airflow/.local/lib/python3.8/site-packages/sqlalchemy/pool/base.py", line 327, in connect
    return _ConnectionFairy._checkout(self)
  File "/home/airflow/.local/lib/python3.8/site-packages/sqlalchemy/pool/base.py", line 894, in _checkout
    fairy = _ConnectionRecord.checkout(pool)
  File "/home/airflow/.local/lib/python3.8/site-packages/sqlalchemy/pool/base.py", line 493, in checkout
    rec = pool._do_get()
  File "/home/airflow/.local/lib/python3.8/site-packages/sqlalchemy/pool/impl.py", line 146, in _do_get
    self._dec_overflow()
  File "/home/airflow/.local/lib/python3.8/site-packages/sqlalchemy/util/langhelpers.py", line 70, in __exit__
    compat.raise_(
  File "/home/airflow/.local/lib/python3.8/site-packages/sqlalchemy/util/compat.py", line 211, in raise_
    raise exception
  File "/home/airflow/.local/lib/python3.8/site-packages/sqlalchemy/pool/impl.py", line 143, in _do_get
    return self._create_connection()
  File "/home/airflow/.local/lib/python3.8/site-packages/sqlalchemy/pool/base.py", line 273, in _create_connection
    return _ConnectionRecord(self)
  File "/home/airflow/.local/lib/python3.8/site-packages/sqlalchemy/pool/base.py", line 388, in __init__
    self.__connect()
  File "/home/airflow/.local/lib/python3.8/site-packages/sqlalchemy/pool/base.py", line 691, in __connect
    pool.logger.debug("Error on connect(): %s", e)
  File "/home/airflow/.local/lib/python3.8/site-packages/sqlalchemy/util/langhelpers.py", line 70, in __exit__
    compat.raise_(
  File "/home/airflow/.local/lib/python3.8/site-packages/sqlalchemy/util/compat.py", line 211, in raise_
    raise exception
  File "/home/airflow/.local/lib/python3.8/site-packages/sqlalchemy/pool/base.py", line 686, in __connect
    self.dbapi_connection = connection = pool._invoke_creator(self)
  File "/home/airflow/.local/lib/python3.8/site-packages/sqlalchemy/engine/create.py", line 574, in connect
    return dialect.connect(*cargs, **cparams)
  File "/home/airflow/.local/lib/python3.8/site-packages/sqlalchemy/engine/default.py", line 598, in connect
    return self.dbapi.connect(*cargs, **cparams)
  File "/home/airflow/.local/lib/python3.8/site-packages/psycopg2/__init__.py", line 122, in connect
    conn = _connect(dsn, connection_factory=connection_factory, **kwasync)
psycopg2.OperationalError: could not translate host name "postgres-airflow" to address: Temporary failure in name resolution


The above exception was the direct cause of the following exception:

Traceback (most recent call last):
  File "/home/airflow/.local/lib/python3.8/site-packages/airflow/dag_processing/processor.py", line 709, in execute_callbacks
    self._execute_task_callbacks(dagbag, request, session=session)
  File "/home/airflow/.local/lib/python3.8/site-packages/airflow/dag_processing/processor.py", line 762, in _execute_task_callbacks
    ti = TaskInstance.get_task_instance(
  File "/home/airflow/.local/lib/python3.8/site-packages/airflow/api_internal/internal_api_call.py", line 114, in wrapper
    return func(*args, **kwargs)
  File "/home/airflow/.local/lib/python3.8/site-packages/airflow/utils/session.py", line 76, in wrapper
    return func(*args, **kwargs)
  File "/home/airflow/.local/lib/python3.8/site-packages/airflow/models/taskinstance.py", line 1734, in get_task_instance
    return query.one_or_none()
  File "/home/airflow/.local/lib/python3.8/site-packages/sqlalchemy/orm/query.py", line 2850, in one_or_none
    return self._iter().one_or_none()
  File "/home/airflow/.local/lib/python3.8/site-packages/sqlalchemy/orm/query.py", line 2916, in _iter
    result = self.session.execute(
  File "/home/airflow/.local/lib/python3.8/site-packages/sqlalchemy/orm/session.py", line 1716, in execute
    conn = self._connection_for_bind(bind)
  File "/home/airflow/.local/lib/python3.8/site-packages/sqlalchemy/orm/session.py", line 1555, in _connection_for_bind
    return self._transaction._connection_for_bind(
  File "/home/airflow/.local/lib/python3.8/site-packages/sqlalchemy/orm/session.py", line 750, in _connection_for_bind
    conn = bind.connect()
  File "/home/airflow/.local/lib/python3.8/site-packages/sqlalchemy/future/engine.py", line 412, in connect
    return super(Engine, self).connect()
  File "/home/airflow/.local/lib/python3.8/site-packages/sqlalchemy/engine/base.py", line 3325, in connect
    return self._connection_cls(self, close_with_result=close_with_result)
  File "/home/airflow/.local/lib/python3.8/site-packages/sqlalchemy/engine/base.py", line 96, in __init__
    else engine.raw_connection()
  File "/home/airflow/.local/lib/python3.8/site-packages/sqlalchemy/engine/base.py", line 3404, in raw_connection
    return self._wrap_pool_connect(self.pool.connect, _connection)
  File "/home/airflow/.local/lib/python3.8/site-packages/sqlalchemy/engine/base.py", line 3374, in _wrap_pool_connect
    Connection._handle_dbapi_exception_noconnection(
  File "/home/airflow/.local/lib/python3.8/site-packages/sqlalchemy/engine/base.py", line 2208, in _handle_dbapi_exception_noconnection
    util.raise_(
  File "/home/airflow/.local/lib/python3.8/site-packages/sqlalchemy/util/compat.py", line 211, in raise_
    raise exception
  File "/home/airflow/.local/lib/python3.8/site-packages/sqlalchemy/engine/base.py", line 3371, in _wrap_pool_connect
    return fn()
  File "/home/airflow/.local/lib/python3.8/site-packages/sqlalchemy/pool/base.py", line 327, in connect
    return _ConnectionFairy._checkout(self)
  File "/home/airflow/.local/lib/python3.8/site-packages/sqlalchemy/pool/base.py", line 894, in _checkout
    fairy = _ConnectionRecord.checkout(pool)
  File "/home/airflow/.local/lib/python3.8/site-packages/sqlalchemy/pool/base.py", line 493, in checkout
    rec = pool._do_get()
  File "/home/airflow/.local/lib/python3.8/site-packages/sqlalchemy/pool/impl.py", line 146, in _do_get
    self._dec_overflow()
  File "/home/airflow/.local/lib/python3.8/site-packages/sqlalchemy/util/langhelpers.py", line 70, in __exit__
    compat.raise_(
  File "/home/airflow/.local/lib/python3.8/site-packages/sqlalchemy/util/compat.py", line 211, in raise_
    raise exception
  File "/home/airflow/.local/lib/python3.8/site-packages/sqlalchemy/pool/impl.py", line 143, in _do_get
    return self._create_connection()
  File "/home/airflow/.local/lib/python3.8/site-packages/sqlalchemy/pool/base.py", line 273, in _create_connection
    return _ConnectionRecord(self)
  File "/home/airflow/.local/lib/python3.8/site-packages/sqlalchemy/pool/base.py", line 388, in __init__
    self.__connect()
  File "/home/airflow/.local/lib/python3.8/site-packages/sqlalchemy/pool/base.py", line 691, in __connect
    pool.logger.debug("Error on connect(): %s", e)
  File "/home/airflow/.local/lib/python3.8/site-packages/sqlalchemy/util/langhelpers.py", line 70, in __exit__
    compat.raise_(
  File "/home/airflow/.local/lib/python3.8/site-packages/sqlalchemy/util/compat.py", line 211, in raise_
    raise exception
  File "/home/airflow/.local/lib/python3.8/site-packages/sqlalchemy/pool/base.py", line 686, in __connect
    self.dbapi_connection = connection = pool._invoke_creator(self)
  File "/home/airflow/.local/lib/python3.8/site-packages/sqlalchemy/engine/create.py", line 574, in connect
    return dialect.connect(*cargs, **cparams)
  File "/home/airflow/.local/lib/python3.8/site-packages/sqlalchemy/engine/default.py", line 598, in connect
    return self.dbapi.connect(*cargs, **cparams)
  File "/home/airflow/.local/lib/python3.8/site-packages/psycopg2/__init__.py", line 122, in connect
    conn = _connect(dsn, connection_factory=connection_factory, **kwasync)
sqlalchemy.exc.OperationalError: (psycopg2.OperationalError) could not translate host name "postgres-airflow" to address: Temporary failure in name resolution

(Background on this error at: https://sqlalche.me/e/14/e3q8)
[2026-06-11T18:07:38.510+0000] {processor.py:161} INFO - Started process (PID=329) to work on /opt/airflow/dags/restaurante_pipeline.py
[2026-06-11T18:07:38.515+0000] {processor.py:830} INFO - Processing file /opt/airflow/dags/restaurante_pipeline.py for tasks to queue
[2026-06-11T18:07:38.519+0000] {logging_mixin.py:188} INFO - [2026-06-11T18:07:38.518+0000] {dagbag.py:540} INFO - Filling up the DagBag from /opt/airflow/dags/restaurante_pipeline.py
[2026-06-11T18:07:38.997+0000] {processor.py:840} INFO - DAG(s) 'restaurante_pipeline_etl' retrieved from /opt/airflow/dags/restaurante_pipeline.py
[2026-06-11T18:07:39.445+0000] {logging_mixin.py:188} INFO - [2026-06-11T18:07:39.445+0000] {taskinstance.py:2730} ERROR - {'DAG Id': 'restaurante_pipeline_etl', 'Task Id': 'ejecutar_spark_etl', 'Run Id': 'scheduled__2026-06-10T02:00:00+00:00', 'Hostname': '02a1efffb42e'}
[2026-06-11T18:07:39.581+0000] {logging_mixin.py:188} INFO - [2026-06-11T18:07:39.581+0000] {taskinstance.py:1149} INFO - Marking task as UP_FOR_RETRY. dag_id=restaurante_pipeline_etl, task_id=ejecutar_spark_etl, execution_date=20260610T020000, start_date=20260611T175208, end_date=20260611T180739
[2026-06-11T18:07:39.655+0000] {processor.py:791} INFO - Executed failure callback for <TaskInstance: restaurante_pipeline_etl.ejecutar_spark_etl scheduled__2026-06-10T02:00:00+00:00 [up_for_retry]> in state up_for_retry
[2026-06-11T18:07:39.698+0000] {logging_mixin.py:188} INFO - [2026-06-11T18:07:39.683+0000] {taskinstance.py:2730} ERROR - {'DAG Id': 'restaurante_pipeline_etl', 'Task Id': 'ejecutar_spark_etl', 'Run Id': 'manual__2026-06-11T17:52:10.714308+00:00', 'Hostname': '02a1efffb42e'}
[2026-06-11T18:07:39.749+0000] {logging_mixin.py:188} INFO - [2026-06-11T18:07:39.748+0000] {taskinstance.py:1149} INFO - Marking task as UP_FOR_RETRY. dag_id=restaurante_pipeline_etl, task_id=ejecutar_spark_etl, execution_date=20260611T175210, start_date=20260611T175214, end_date=20260611T180739
[2026-06-11T18:07:39.766+0000] {processor.py:791} INFO - Executed failure callback for <TaskInstance: restaurante_pipeline_etl.ejecutar_spark_etl manual__2026-06-11T17:52:10.714308+00:00 [up_for_retry]> in state up_for_retry
[2026-06-11T18:07:40.415+0000] {logging_mixin.py:188} INFO - [2026-06-11T18:07:40.414+0000] {dag.py:3047} INFO - Sync 1 DAGs
[2026-06-11T18:07:40.475+0000] {logging_mixin.py:188} INFO - [2026-06-11T18:07:40.474+0000] {dag.py:3834} INFO - Setting next_dagrun for restaurante_pipeline_etl to 2026-06-11 02:00:00+00:00, run_after=2026-06-12 02:00:00+00:00
[2026-06-11T18:07:40.534+0000] {processor.py:183} INFO - Processing /opt/airflow/dags/restaurante_pipeline.py took 2.059 seconds
[2026-06-11T18:08:10.745+0000] {processor.py:161} INFO - Started process (PID=335) to work on /opt/airflow/dags/restaurante_pipeline.py
[2026-06-11T18:08:10.746+0000] {processor.py:830} INFO - Processing file /opt/airflow/dags/restaurante_pipeline.py for tasks to queue
[2026-06-11T18:08:10.748+0000] {logging_mixin.py:188} INFO - [2026-06-11T18:08:10.747+0000] {dagbag.py:540} INFO - Filling up the DagBag from /opt/airflow/dags/restaurante_pipeline.py
[2026-06-11T18:08:10.768+0000] {processor.py:840} INFO - DAG(s) 'restaurante_pipeline_etl' retrieved from /opt/airflow/dags/restaurante_pipeline.py
[2026-06-11T18:08:10.805+0000] {logging_mixin.py:188} INFO - [2026-06-11T18:08:10.804+0000] {taskinstance.py:2730} ERROR - {'DAG Id': 'restaurante_pipeline_etl', 'Task Id': 'ejecutar_spark_etl', 'Run Id': 'scheduled__2026-06-10T02:00:00+00:00', 'Hostname': '02a1efffb42e'}
[2026-06-11T18:08:10.825+0000] {logging_mixin.py:188} INFO - [2026-06-11T18:08:10.825+0000] {taskinstance.py:1149} INFO - Marking task as FAILED. dag_id=restaurante_pipeline_etl, task_id=ejecutar_spark_etl, execution_date=20260610T020000, start_date=20260611T175208, end_date=20260611T180810
[2026-06-11T18:08:10.838+0000] {processor.py:791} INFO - Executed failure callback for <TaskInstance: restaurante_pipeline_etl.ejecutar_spark_etl scheduled__2026-06-10T02:00:00+00:00 [failed]> in state failed
[2026-06-11T18:08:10.858+0000] {logging_mixin.py:188} INFO - [2026-06-11T18:08:10.857+0000] {dag.py:3047} INFO - Sync 1 DAGs
[2026-06-11T18:08:10.878+0000] {logging_mixin.py:188} INFO - [2026-06-11T18:08:10.878+0000] {dag.py:3834} INFO - Setting next_dagrun for restaurante_pipeline_etl to 2026-06-11 02:00:00+00:00, run_after=2026-06-12 02:00:00+00:00
[2026-06-11T18:08:10.904+0000] {processor.py:183} INFO - Processing /opt/airflow/dags/restaurante_pipeline.py took 0.163 seconds
[2026-06-11T18:08:41.117+0000] {processor.py:161} INFO - Started process (PID=340) to work on /opt/airflow/dags/restaurante_pipeline.py
[2026-06-11T18:08:41.118+0000] {processor.py:830} INFO - Processing file /opt/airflow/dags/restaurante_pipeline.py for tasks to queue
[2026-06-11T18:08:41.119+0000] {logging_mixin.py:188} INFO - [2026-06-11T18:08:41.119+0000] {dagbag.py:540} INFO - Filling up the DagBag from /opt/airflow/dags/restaurante_pipeline.py
[2026-06-11T18:08:41.145+0000] {processor.py:840} INFO - DAG(s) 'restaurante_pipeline_etl' retrieved from /opt/airflow/dags/restaurante_pipeline.py
[2026-06-11T18:08:41.185+0000] {logging_mixin.py:188} INFO - [2026-06-11T18:08:41.184+0000] {dag.py:3047} INFO - Sync 1 DAGs
[2026-06-11T18:08:41.231+0000] {logging_mixin.py:188} INFO - [2026-06-11T18:08:41.231+0000] {dag.py:3834} INFO - Setting next_dagrun for restaurante_pipeline_etl to 2026-06-11 02:00:00+00:00, run_after=2026-06-12 02:00:00+00:00
[2026-06-11T18:08:41.280+0000] {processor.py:183} INFO - Processing /opt/airflow/dags/restaurante_pipeline.py took 0.168 seconds
[2026-06-11T18:44:21.281+0000] {processor.py:161} INFO - Started process (PID=166) to work on /opt/airflow/dags/restaurante_pipeline.py
[2026-06-11T18:44:21.287+0000] {processor.py:830} INFO - Processing file /opt/airflow/dags/restaurante_pipeline.py for tasks to queue
[2026-06-11T18:44:21.292+0000] {logging_mixin.py:188} INFO - [2026-06-11T18:44:21.291+0000] {dagbag.py:540} INFO - Filling up the DagBag from /opt/airflow/dags/restaurante_pipeline.py
[2026-06-11T18:44:21.394+0000] {processor.py:840} INFO - DAG(s) 'restaurante_pipeline_etl' retrieved from /opt/airflow/dags/restaurante_pipeline.py
[2026-06-11T18:44:21.911+0000] {logging_mixin.py:188} INFO - [2026-06-11T18:44:21.911+0000] {dag.py:3047} INFO - Sync 1 DAGs
[2026-06-11T18:44:21.965+0000] {logging_mixin.py:188} INFO - [2026-06-11T18:44:21.964+0000] {dag.py:3834} INFO - Setting next_dagrun for restaurante_pipeline_etl to 2026-06-11 02:00:00+00:00, run_after=2026-06-12 02:00:00+00:00
[2026-06-11T18:44:22.028+0000] {processor.py:183} INFO - Processing /opt/airflow/dags/restaurante_pipeline.py took 0.755 seconds
[2026-06-11T18:44:52.389+0000] {processor.py:161} INFO - Started process (PID=173) to work on /opt/airflow/dags/restaurante_pipeline.py
[2026-06-11T18:44:52.391+0000] {processor.py:830} INFO - Processing file /opt/airflow/dags/restaurante_pipeline.py for tasks to queue
[2026-06-11T18:44:52.392+0000] {logging_mixin.py:188} INFO - [2026-06-11T18:44:52.392+0000] {dagbag.py:540} INFO - Filling up the DagBag from /opt/airflow/dags/restaurante_pipeline.py
[2026-06-11T18:44:52.421+0000] {processor.py:840} INFO - DAG(s) 'restaurante_pipeline_etl' retrieved from /opt/airflow/dags/restaurante_pipeline.py
[2026-06-11T18:44:52.460+0000] {logging_mixin.py:188} INFO - [2026-06-11T18:44:52.460+0000] {dag.py:3047} INFO - Sync 1 DAGs
[2026-06-11T18:44:52.490+0000] {logging_mixin.py:188} INFO - [2026-06-11T18:44:52.489+0000] {dag.py:3834} INFO - Setting next_dagrun for restaurante_pipeline_etl to 2026-06-11 02:00:00+00:00, run_after=2026-06-12 02:00:00+00:00
[2026-06-11T18:44:52.523+0000] {processor.py:183} INFO - Processing /opt/airflow/dags/restaurante_pipeline.py took 0.137 seconds
[2026-06-11T18:45:22.607+0000] {processor.py:161} INFO - Started process (PID=182) to work on /opt/airflow/dags/restaurante_pipeline.py
[2026-06-11T18:45:22.609+0000] {processor.py:830} INFO - Processing file /opt/airflow/dags/restaurante_pipeline.py for tasks to queue
[2026-06-11T18:45:22.610+0000] {logging_mixin.py:188} INFO - [2026-06-11T18:45:22.610+0000] {dagbag.py:540} INFO - Filling up the DagBag from /opt/airflow/dags/restaurante_pipeline.py
[2026-06-11T18:45:22.628+0000] {processor.py:840} INFO - DAG(s) 'restaurante_pipeline_etl' retrieved from /opt/airflow/dags/restaurante_pipeline.py
[2026-06-11T18:45:22.659+0000] {logging_mixin.py:188} INFO - [2026-06-11T18:45:22.659+0000] {dag.py:3047} INFO - Sync 1 DAGs
[2026-06-11T18:45:22.686+0000] {logging_mixin.py:188} INFO - [2026-06-11T18:45:22.686+0000] {dag.py:3834} INFO - Setting next_dagrun for restaurante_pipeline_etl to 2026-06-11 02:00:00+00:00, run_after=2026-06-12 02:00:00+00:00
[2026-06-11T18:45:22.712+0000] {processor.py:183} INFO - Processing /opt/airflow/dags/restaurante_pipeline.py took 0.109 seconds
[2026-06-11T18:45:52.957+0000] {processor.py:161} INFO - Started process (PID=187) to work on /opt/airflow/dags/restaurante_pipeline.py
[2026-06-11T18:45:52.960+0000] {processor.py:830} INFO - Processing file /opt/airflow/dags/restaurante_pipeline.py for tasks to queue
[2026-06-11T18:45:52.961+0000] {logging_mixin.py:188} INFO - [2026-06-11T18:45:52.961+0000] {dagbag.py:540} INFO - Filling up the DagBag from /opt/airflow/dags/restaurante_pipeline.py
[2026-06-11T18:45:53.002+0000] {processor.py:840} INFO - DAG(s) 'restaurante_pipeline_etl' retrieved from /opt/airflow/dags/restaurante_pipeline.py
[2026-06-11T18:45:53.092+0000] {logging_mixin.py:188} INFO - [2026-06-11T18:45:53.092+0000] {dag.py:3047} INFO - Sync 1 DAGs
[2026-06-11T18:45:53.171+0000] {logging_mixin.py:188} INFO - [2026-06-11T18:45:53.170+0000] {dag.py:3834} INFO - Setting next_dagrun for restaurante_pipeline_etl to 2026-06-11 02:00:00+00:00, run_after=2026-06-12 02:00:00+00:00
[2026-06-11T18:45:53.212+0000] {processor.py:183} INFO - Processing /opt/airflow/dags/restaurante_pipeline.py took 0.259 seconds
[2026-06-11T18:46:23.427+0000] {processor.py:161} INFO - Started process (PID=192) to work on /opt/airflow/dags/restaurante_pipeline.py
[2026-06-11T18:46:23.428+0000] {processor.py:830} INFO - Processing file /opt/airflow/dags/restaurante_pipeline.py for tasks to queue
[2026-06-11T18:46:23.430+0000] {logging_mixin.py:188} INFO - [2026-06-11T18:46:23.429+0000] {dagbag.py:540} INFO - Filling up the DagBag from /opt/airflow/dags/restaurante_pipeline.py
[2026-06-11T18:46:23.450+0000] {processor.py:840} INFO - DAG(s) 'restaurante_pipeline_etl' retrieved from /opt/airflow/dags/restaurante_pipeline.py
[2026-06-11T18:46:23.482+0000] {logging_mixin.py:188} INFO - [2026-06-11T18:46:23.481+0000] {dag.py:3047} INFO - Sync 1 DAGs
[2026-06-11T18:46:23.509+0000] {logging_mixin.py:188} INFO - [2026-06-11T18:46:23.508+0000] {dag.py:3834} INFO - Setting next_dagrun for restaurante_pipeline_etl to 2026-06-11 02:00:00+00:00, run_after=2026-06-12 02:00:00+00:00
[2026-06-11T18:46:23.536+0000] {processor.py:183} INFO - Processing /opt/airflow/dags/restaurante_pipeline.py took 0.112 seconds
[2026-06-11T18:46:53.652+0000] {processor.py:161} INFO - Started process (PID=201) to work on /opt/airflow/dags/restaurante_pipeline.py
[2026-06-11T18:46:53.656+0000] {processor.py:830} INFO - Processing file /opt/airflow/dags/restaurante_pipeline.py for tasks to queue
[2026-06-11T18:46:53.661+0000] {logging_mixin.py:188} INFO - [2026-06-11T18:46:53.660+0000] {dagbag.py:540} INFO - Filling up the DagBag from /opt/airflow/dags/restaurante_pipeline.py
[2026-06-11T18:46:53.710+0000] {processor.py:840} INFO - DAG(s) 'restaurante_pipeline_etl' retrieved from /opt/airflow/dags/restaurante_pipeline.py
[2026-06-11T18:46:53.768+0000] {logging_mixin.py:188} INFO - [2026-06-11T18:46:53.768+0000] {dag.py:3047} INFO - Sync 1 DAGs
[2026-06-11T18:46:53.820+0000] {logging_mixin.py:188} INFO - [2026-06-11T18:46:53.819+0000] {dag.py:3834} INFO - Setting next_dagrun for restaurante_pipeline_etl to 2026-06-11 02:00:00+00:00, run_after=2026-06-12 02:00:00+00:00
[2026-06-11T18:46:53.858+0000] {processor.py:183} INFO - Processing /opt/airflow/dags/restaurante_pipeline.py took 0.216 seconds
[2026-06-11T18:47:23.982+0000] {processor.py:161} INFO - Started process (PID=210) to work on /opt/airflow/dags/restaurante_pipeline.py
[2026-06-11T18:47:23.984+0000] {processor.py:830} INFO - Processing file /opt/airflow/dags/restaurante_pipeline.py for tasks to queue
[2026-06-11T18:47:23.985+0000] {logging_mixin.py:188} INFO - [2026-06-11T18:47:23.984+0000] {dagbag.py:540} INFO - Filling up the DagBag from /opt/airflow/dags/restaurante_pipeline.py
[2026-06-11T18:47:24.008+0000] {processor.py:840} INFO - DAG(s) 'restaurante_pipeline_etl' retrieved from /opt/airflow/dags/restaurante_pipeline.py
[2026-06-11T18:47:24.040+0000] {logging_mixin.py:188} INFO - [2026-06-11T18:47:24.040+0000] {dag.py:3047} INFO - Sync 1 DAGs
[2026-06-11T18:47:24.075+0000] {logging_mixin.py:188} INFO - [2026-06-11T18:47:24.075+0000] {dag.py:3834} INFO - Setting next_dagrun for restaurante_pipeline_etl to 2026-06-11 02:00:00+00:00, run_after=2026-06-12 02:00:00+00:00
[2026-06-11T18:47:24.103+0000] {processor.py:183} INFO - Processing /opt/airflow/dags/restaurante_pipeline.py took 0.124 seconds
[2026-06-11T18:47:54.357+0000] {processor.py:161} INFO - Started process (PID=219) to work on /opt/airflow/dags/restaurante_pipeline.py
[2026-06-11T18:47:54.360+0000] {processor.py:830} INFO - Processing file /opt/airflow/dags/restaurante_pipeline.py for tasks to queue
[2026-06-11T18:47:54.363+0000] {logging_mixin.py:188} INFO - [2026-06-11T18:47:54.362+0000] {dagbag.py:540} INFO - Filling up the DagBag from /opt/airflow/dags/restaurante_pipeline.py
[2026-06-11T18:47:54.416+0000] {processor.py:840} INFO - DAG(s) 'restaurante_pipeline_etl' retrieved from /opt/airflow/dags/restaurante_pipeline.py
[2026-06-11T18:47:54.506+0000] {logging_mixin.py:188} INFO - [2026-06-11T18:47:54.505+0000] {dag.py:3047} INFO - Sync 1 DAGs
[2026-06-11T18:47:54.616+0000] {logging_mixin.py:188} INFO - [2026-06-11T18:47:54.615+0000] {dag.py:3834} INFO - Setting next_dagrun for restaurante_pipeline_etl to 2026-06-11 02:00:00+00:00, run_after=2026-06-12 02:00:00+00:00
[2026-06-11T18:47:54.661+0000] {processor.py:183} INFO - Processing /opt/airflow/dags/restaurante_pipeline.py took 0.315 seconds
[2026-06-11T18:48:24.994+0000] {processor.py:161} INFO - Started process (PID=228) to work on /opt/airflow/dags/restaurante_pipeline.py
[2026-06-11T18:48:24.996+0000] {processor.py:830} INFO - Processing file /opt/airflow/dags/restaurante_pipeline.py for tasks to queue
[2026-06-11T18:48:24.997+0000] {logging_mixin.py:188} INFO - [2026-06-11T18:48:24.997+0000] {dagbag.py:540} INFO - Filling up the DagBag from /opt/airflow/dags/restaurante_pipeline.py
[2026-06-11T18:48:25.019+0000] {processor.py:840} INFO - DAG(s) 'restaurante_pipeline_etl' retrieved from /opt/airflow/dags/restaurante_pipeline.py
[2026-06-11T18:48:25.055+0000] {logging_mixin.py:188} INFO - [2026-06-11T18:48:25.055+0000] {dag.py:3047} INFO - Sync 1 DAGs
[2026-06-11T18:48:25.085+0000] {logging_mixin.py:188} INFO - [2026-06-11T18:48:25.085+0000] {dag.py:3834} INFO - Setting next_dagrun for restaurante_pipeline_etl to 2026-06-11 02:00:00+00:00, run_after=2026-06-12 02:00:00+00:00
[2026-06-11T18:48:25.114+0000] {processor.py:183} INFO - Processing /opt/airflow/dags/restaurante_pipeline.py took 0.123 seconds
[2026-06-11T18:48:55.187+0000] {processor.py:161} INFO - Started process (PID=233) to work on /opt/airflow/dags/restaurante_pipeline.py
[2026-06-11T18:48:55.189+0000] {processor.py:830} INFO - Processing file /opt/airflow/dags/restaurante_pipeline.py for tasks to queue
[2026-06-11T18:48:55.190+0000] {logging_mixin.py:188} INFO - [2026-06-11T18:48:55.190+0000] {dagbag.py:540} INFO - Filling up the DagBag from /opt/airflow/dags/restaurante_pipeline.py
[2026-06-11T18:48:55.211+0000] {processor.py:840} INFO - DAG(s) 'restaurante_pipeline_etl' retrieved from /opt/airflow/dags/restaurante_pipeline.py
[2026-06-11T18:48:55.247+0000] {logging_mixin.py:188} INFO - [2026-06-11T18:48:55.247+0000] {dag.py:3047} INFO - Sync 1 DAGs
[2026-06-11T18:48:55.275+0000] {logging_mixin.py:188} INFO - [2026-06-11T18:48:55.275+0000] {dag.py:3834} INFO - Setting next_dagrun for restaurante_pipeline_etl to 2026-06-11 02:00:00+00:00, run_after=2026-06-12 02:00:00+00:00
[2026-06-11T18:48:55.300+0000] {processor.py:183} INFO - Processing /opt/airflow/dags/restaurante_pipeline.py took 0.116 seconds
[2026-06-11T18:49:25.441+0000] {processor.py:161} INFO - Started process (PID=238) to work on /opt/airflow/dags/restaurante_pipeline.py
[2026-06-11T18:49:25.443+0000] {processor.py:830} INFO - Processing file /opt/airflow/dags/restaurante_pipeline.py for tasks to queue
[2026-06-11T18:49:25.444+0000] {logging_mixin.py:188} INFO - [2026-06-11T18:49:25.444+0000] {dagbag.py:540} INFO - Filling up the DagBag from /opt/airflow/dags/restaurante_pipeline.py
[2026-06-11T18:49:25.467+0000] {processor.py:840} INFO - DAG(s) 'restaurante_pipeline_etl' retrieved from /opt/airflow/dags/restaurante_pipeline.py
[2026-06-11T18:49:25.499+0000] {logging_mixin.py:188} INFO - [2026-06-11T18:49:25.498+0000] {dag.py:3047} INFO - Sync 1 DAGs
[2026-06-11T18:49:25.526+0000] {logging_mixin.py:188} INFO - [2026-06-11T18:49:25.526+0000] {dag.py:3834} INFO - Setting next_dagrun for restaurante_pipeline_etl to 2026-06-11 02:00:00+00:00, run_after=2026-06-12 02:00:00+00:00
[2026-06-11T18:49:25.551+0000] {processor.py:183} INFO - Processing /opt/airflow/dags/restaurante_pipeline.py took 0.113 seconds
[2026-06-11T18:49:55.707+0000] {processor.py:161} INFO - Started process (PID=243) to work on /opt/airflow/dags/restaurante_pipeline.py
[2026-06-11T18:49:55.708+0000] {processor.py:830} INFO - Processing file /opt/airflow/dags/restaurante_pipeline.py for tasks to queue
[2026-06-11T18:49:55.709+0000] {logging_mixin.py:188} INFO - [2026-06-11T18:49:55.709+0000] {dagbag.py:540} INFO - Filling up the DagBag from /opt/airflow/dags/restaurante_pipeline.py
[2026-06-11T18:49:55.731+0000] {processor.py:840} INFO - DAG(s) 'restaurante_pipeline_etl' retrieved from /opt/airflow/dags/restaurante_pipeline.py
[2026-06-11T18:49:55.760+0000] {logging_mixin.py:188} INFO - [2026-06-11T18:49:55.760+0000] {dag.py:3047} INFO - Sync 1 DAGs
[2026-06-11T18:49:55.787+0000] {logging_mixin.py:188} INFO - [2026-06-11T18:49:55.787+0000] {dag.py:3834} INFO - Setting next_dagrun for restaurante_pipeline_etl to 2026-06-11 02:00:00+00:00, run_after=2026-06-12 02:00:00+00:00
[2026-06-11T18:49:55.811+0000] {processor.py:183} INFO - Processing /opt/airflow/dags/restaurante_pipeline.py took 0.107 seconds
[2026-06-11T18:50:25.959+0000] {processor.py:161} INFO - Started process (PID=248) to work on /opt/airflow/dags/restaurante_pipeline.py
[2026-06-11T18:50:25.960+0000] {processor.py:830} INFO - Processing file /opt/airflow/dags/restaurante_pipeline.py for tasks to queue
[2026-06-11T18:50:25.962+0000] {logging_mixin.py:188} INFO - [2026-06-11T18:50:25.961+0000] {dagbag.py:540} INFO - Filling up the DagBag from /opt/airflow/dags/restaurante_pipeline.py
[2026-06-11T18:50:25.986+0000] {processor.py:840} INFO - DAG(s) 'restaurante_pipeline_etl' retrieved from /opt/airflow/dags/restaurante_pipeline.py
[2026-06-11T18:50:26.022+0000] {logging_mixin.py:188} INFO - [2026-06-11T18:50:26.022+0000] {dag.py:3047} INFO - Sync 1 DAGs
[2026-06-11T18:50:26.055+0000] {logging_mixin.py:188} INFO - [2026-06-11T18:50:26.055+0000] {dag.py:3834} INFO - Setting next_dagrun for restaurante_pipeline_etl to 2026-06-11 02:00:00+00:00, run_after=2026-06-12 02:00:00+00:00
[2026-06-11T18:50:26.079+0000] {processor.py:183} INFO - Processing /opt/airflow/dags/restaurante_pipeline.py took 0.125 seconds
[2026-06-11T18:50:56.192+0000] {processor.py:161} INFO - Started process (PID=253) to work on /opt/airflow/dags/restaurante_pipeline.py
[2026-06-11T18:50:56.193+0000] {processor.py:830} INFO - Processing file /opt/airflow/dags/restaurante_pipeline.py for tasks to queue
[2026-06-11T18:50:56.194+0000] {logging_mixin.py:188} INFO - [2026-06-11T18:50:56.194+0000] {dagbag.py:540} INFO - Filling up the DagBag from /opt/airflow/dags/restaurante_pipeline.py
[2026-06-11T18:50:56.216+0000] {processor.py:840} INFO - DAG(s) 'restaurante_pipeline_etl' retrieved from /opt/airflow/dags/restaurante_pipeline.py
[2026-06-11T18:50:56.249+0000] {logging_mixin.py:188} INFO - [2026-06-11T18:50:56.248+0000] {dag.py:3047} INFO - Sync 1 DAGs
[2026-06-11T18:50:56.274+0000] {logging_mixin.py:188} INFO - [2026-06-11T18:50:56.274+0000] {dag.py:3834} INFO - Setting next_dagrun for restaurante_pipeline_etl to 2026-06-11 02:00:00+00:00, run_after=2026-06-12 02:00:00+00:00
[2026-06-11T18:50:56.297+0000] {processor.py:183} INFO - Processing /opt/airflow/dags/restaurante_pipeline.py took 0.108 seconds
[2026-06-11T18:51:26.502+0000] {processor.py:161} INFO - Started process (PID=258) to work on /opt/airflow/dags/restaurante_pipeline.py
[2026-06-11T18:51:26.503+0000] {processor.py:830} INFO - Processing file /opt/airflow/dags/restaurante_pipeline.py for tasks to queue
[2026-06-11T18:51:26.504+0000] {logging_mixin.py:188} INFO - [2026-06-11T18:51:26.504+0000] {dagbag.py:540} INFO - Filling up the DagBag from /opt/airflow/dags/restaurante_pipeline.py
[2026-06-11T18:51:26.523+0000] {processor.py:840} INFO - DAG(s) 'restaurante_pipeline_etl' retrieved from /opt/airflow/dags/restaurante_pipeline.py
[2026-06-11T18:51:26.557+0000] {logging_mixin.py:188} INFO - [2026-06-11T18:51:26.557+0000] {dag.py:3047} INFO - Sync 1 DAGs
[2026-06-11T18:51:26.583+0000] {logging_mixin.py:188} INFO - [2026-06-11T18:51:26.583+0000] {dag.py:3834} INFO - Setting next_dagrun for restaurante_pipeline_etl to 2026-06-11 02:00:00+00:00, run_after=2026-06-12 02:00:00+00:00
[2026-06-11T18:51:26.606+0000] {processor.py:183} INFO - Processing /opt/airflow/dags/restaurante_pipeline.py took 0.107 seconds
[2026-06-11T18:51:56.740+0000] {processor.py:161} INFO - Started process (PID=263) to work on /opt/airflow/dags/restaurante_pipeline.py
[2026-06-11T18:51:56.741+0000] {processor.py:830} INFO - Processing file /opt/airflow/dags/restaurante_pipeline.py for tasks to queue
[2026-06-11T18:51:56.743+0000] {logging_mixin.py:188} INFO - [2026-06-11T18:51:56.742+0000] {dagbag.py:540} INFO - Filling up the DagBag from /opt/airflow/dags/restaurante_pipeline.py
[2026-06-11T18:51:56.771+0000] {processor.py:840} INFO - DAG(s) 'restaurante_pipeline_etl' retrieved from /opt/airflow/dags/restaurante_pipeline.py
[2026-06-11T18:51:56.810+0000] {logging_mixin.py:188} INFO - [2026-06-11T18:51:56.810+0000] {dag.py:3047} INFO - Sync 1 DAGs
[2026-06-11T18:51:56.840+0000] {logging_mixin.py:188} INFO - [2026-06-11T18:51:56.840+0000] {dag.py:3834} INFO - Setting next_dagrun for restaurante_pipeline_etl to 2026-06-11 02:00:00+00:00, run_after=2026-06-12 02:00:00+00:00
[2026-06-11T18:51:56.869+0000] {processor.py:183} INFO - Processing /opt/airflow/dags/restaurante_pipeline.py took 0.133 seconds
