[2026-06-23T01:13:26.297+0000] {taskinstance.py:1979} INFO - Dependencies all met for dep_context=non-requeueable deps ti=<TaskInstance: restaurante_pipeline_etl.verificar_fuentes_datos manual__2026-06-23T01:13:24.923848+00:00 [queued]>
[2026-06-23T01:13:26.310+0000] {taskinstance.py:1979} INFO - Dependencies all met for dep_context=requeueable deps ti=<TaskInstance: restaurante_pipeline_etl.verificar_fuentes_datos manual__2026-06-23T01:13:24.923848+00:00 [queued]>
[2026-06-23T01:13:26.311+0000] {taskinstance.py:2193} INFO - Starting attempt 1 of 2
[2026-06-23T01:13:26.326+0000] {taskinstance.py:2214} INFO - Executing <Task(PythonOperator): verificar_fuentes_datos> on 2026-06-23 01:13:24.923848+00:00
[2026-06-23T01:13:26.334+0000] {standard_task_runner.py:60} INFO - Started process 178 to run task
[2026-06-23T01:13:26.337+0000] {standard_task_runner.py:87} INFO - Running: ['***', 'tasks', 'run', 'restaurante_pipeline_etl', 'verificar_fuentes_datos', 'manual__2026-06-23T01:13:24.923848+00:00', '--job-id', '3', '--raw', '--subdir', 'DAGS_FOLDER/restaurante_pipeline.py', '--cfg-path', '/tmp/tmp58wt3cb_']
[2026-06-23T01:13:26.340+0000] {standard_task_runner.py:88} INFO - Job 3: Subtask verificar_fuentes_datos
[2026-06-23T01:13:26.433+0000] {task_command.py:423} INFO - Running <TaskInstance: restaurante_pipeline_etl.verificar_fuentes_datos manual__2026-06-23T01:13:24.923848+00:00 [running]> on host a762bc6f8a3e
[2026-06-23T01:13:26.562+0000] {taskinstance.py:2510} INFO - Exporting env vars: AIRFLOW_CTX_DAG_OWNER='restaurante_team' AIRFLOW_CTX_DAG_ID='restaurante_pipeline_etl' AIRFLOW_CTX_TASK_ID='verificar_fuentes_datos' AIRFLOW_CTX_EXECUTION_DATE='2026-06-23T01:13:24.923848+00:00' AIRFLOW_CTX_TRY_NUMBER='1' AIRFLOW_CTX_DAG_RUN_ID='manual__2026-06-23T01:13:24.923848+00:00'
[2026-06-23T01:13:30.546+0000] {taskinstance.py:2728} ERROR - Task failed with exception
Traceback (most recent call last):
  File "/opt/airflow/dags/restaurante_pipeline.py", line 70, in verificar_fuentes
    conn = psycopg2.connect(
  File "/home/airflow/.local/lib/python3.8/site-packages/psycopg2/__init__.py", line 122, in connect
    conn = _connect(dsn, connection_factory=connection_factory, **kwasync)
psycopg2.OperationalError: could not translate host name "db" to address: Name or service not known


During handling of the above exception, another exception occurred:

Traceback (most recent call last):
  File "/home/airflow/.local/lib/python3.8/site-packages/airflow/models/taskinstance.py", line 444, in _execute_task
    result = _execute_callable(context=context, **execute_callable_kwargs)
  File "/home/airflow/.local/lib/python3.8/site-packages/airflow/models/taskinstance.py", line 414, in _execute_callable
    return execute_callable(context=context, **execute_callable_kwargs)
  File "/home/airflow/.local/lib/python3.8/site-packages/airflow/operators/python.py", line 200, in execute
    return_value = self.execute_callable()
  File "/home/airflow/.local/lib/python3.8/site-packages/airflow/operators/python.py", line 217, in execute_callable
    return self.python_callable(*self.op_args, **self.op_kwargs)
  File "/opt/airflow/dags/restaurante_pipeline.py", line 85, in verificar_fuentes
    raise Exception(f"No se puede conectar a PostgreSQL: {exc}")
Exception: No se puede conectar a PostgreSQL: could not translate host name "db" to address: Name or service not known

[2026-06-23T01:13:30.565+0000] {taskinstance.py:1149} INFO - Marking task as UP_FOR_RETRY. dag_id=restaurante_pipeline_etl, task_id=verificar_fuentes_datos, execution_date=20260623T011324, start_date=20260623T011326, end_date=20260623T011330
[2026-06-23T01:13:30.584+0000] {standard_task_runner.py:107} ERROR - Failed to execute job 3 for task verificar_fuentes_datos (No se puede conectar a PostgreSQL: could not translate host name "db" to address: Name or service not known
; 178)
[2026-06-23T01:13:30.630+0000] {local_task_job_runner.py:234} INFO - Task exited with return code 1
[2026-06-23T01:13:30.658+0000] {taskinstance.py:3309} INFO - 0 downstream tasks scheduled from follow-on schedule check
