[2026-06-11T18:44:23.687+0000] {taskinstance.py:1979} INFO - Dependencies all met for dep_context=non-requeueable deps ti=<TaskInstance: restaurante_pipeline_etl.ejecutar_spark_etl manual__2026-06-11T17:52:10.714308+00:00 [queued]>
[2026-06-11T18:44:23.699+0000] {taskinstance.py:1979} INFO - Dependencies all met for dep_context=requeueable deps ti=<TaskInstance: restaurante_pipeline_etl.ejecutar_spark_etl manual__2026-06-11T17:52:10.714308+00:00 [queued]>
[2026-06-11T18:44:23.700+0000] {taskinstance.py:2193} INFO - Starting attempt 2 of 2
[2026-06-11T18:44:23.719+0000] {taskinstance.py:2214} INFO - Executing <Task(DockerOperator): ejecutar_spark_etl> on 2026-06-11 17:52:10.714308+00:00
[2026-06-11T18:44:23.725+0000] {standard_task_runner.py:60} INFO - Started process 172 to run task
[2026-06-11T18:44:23.730+0000] {standard_task_runner.py:87} INFO - Running: ['***', 'tasks', 'run', 'restaurante_pipeline_etl', 'ejecutar_spark_etl', 'manual__2026-06-11T17:52:10.714308+00:00', '--job-id', '7', '--raw', '--subdir', 'DAGS_FOLDER/restaurante_pipeline.py', '--cfg-path', '/tmp/tmpbvc5s21z']
[2026-06-11T18:44:23.734+0000] {standard_task_runner.py:88} INFO - Job 7: Subtask ejecutar_spark_etl
[2026-06-11T18:44:23.848+0000] {task_command.py:423} INFO - Running <TaskInstance: restaurante_pipeline_etl.ejecutar_spark_etl manual__2026-06-11T17:52:10.714308+00:00 [running]> on host e164c17e4733
[2026-06-11T18:44:23.984+0000] {taskinstance.py:2510} INFO - Exporting env vars: AIRFLOW_CTX_DAG_OWNER='restaurante_team' AIRFLOW_CTX_DAG_ID='restaurante_pipeline_etl' AIRFLOW_CTX_TASK_ID='ejecutar_spark_etl' AIRFLOW_CTX_EXECUTION_DATE='2026-06-11T17:52:10.714308+00:00' AIRFLOW_CTX_TRY_NUMBER='2' AIRFLOW_CTX_DAG_RUN_ID='manual__2026-06-11T17:52:10.714308+00:00'
[2026-06-11T18:44:24.058+0000] {docker.py:359} INFO - Starting docker container from image restaurante_spark:latest
[2026-06-11T18:44:28.313+0000] {docker.py:429} INFO - :: loading settings :: url = jar:file:/opt/spark/jars/ivy-2.5.1.jar!/org/apache/ivy/core/settings/ivysettings.xml
[2026-06-11T18:44:28.497+0000] {docker.py:429} INFO - Ivy Default Cache set to: /tmp/.ivy2/cache
The jars for the packages stored in: /tmp/.ivy2/jars
[2026-06-11T18:44:28.506+0000] {docker.py:429} INFO - org.postgresql#postgresql added as a dependency
[2026-06-11T18:44:28.507+0000] {docker.py:429} INFO - org.mongodb.spark#mongo-spark-connector_2.12 added as a dependency
[2026-06-11T18:44:28.509+0000] {docker.py:429} INFO - :: resolving dependencies :: org.apache.spark#spark-submit-parent-40027de4-cdc2-465a-ab15-399164e0939f;1.0
	confs: [default]
[2026-06-11T18:44:28.510+0000] {docker.py:429} INFO - 
[2026-06-11T18:44:29.314+0000] {docker.py:429} INFO - found org.postgresql#postgresql;42.6.0 in central
[2026-06-11T18:44:29.415+0000] {docker.py:429} INFO - found org.checkerframework#checker-qual;3.31.0 in central
[2026-06-11T18:44:29.514+0000] {docker.py:429} INFO - found org.mongodb.spark#mongo-spark-connector_2.12;3.0.2 in central
[2026-06-11T18:44:29.609+0000] {docker.py:429} INFO - found org.mongodb#mongodb-driver-sync;4.0.5 in central
[2026-06-11T18:44:29.718+0000] {docker.py:429} INFO - found org.mongodb#bson;4.0.5 in central
[2026-06-11T18:44:29.823+0000] {docker.py:429} INFO - found org.mongodb#mongodb-driver-core;4.0.5 in central
[2026-06-11T18:44:29.884+0000] {docker.py:429} INFO - downloading https://repo1.maven.org/maven2/org/postgresql/postgresql/42.6.0/postgresql-42.6.0.jar ...
[2026-06-11T18:44:30.023+0000] {docker.py:429} INFO - [SUCCESSFUL ] org.postgresql#postgresql;42.6.0!postgresql.jar (182ms)
[2026-06-11T18:44:30.045+0000] {docker.py:429} INFO - downloading https://repo1.maven.org/maven2/org/mongodb/spark/mongo-spark-connector_2.12/3.0.2/mongo-spark-connector_2.12-3.0.2.jar ...
[2026-06-11T18:44:30.115+0000] {docker.py:429} INFO - [SUCCESSFUL ] org.mongodb.spark#mongo-spark-connector_2.12;3.0.2!mongo-spark-connector_2.12.jar (89ms)
[2026-06-11T18:44:30.133+0000] {docker.py:429} INFO - downloading https://repo1.maven.org/maven2/org/checkerframework/checker-qual/3.31.0/checker-qual-3.31.0.jar ...
[2026-06-11T18:44:30.195+0000] {docker.py:429} INFO - [SUCCESSFUL ] org.checkerframework#checker-qual;3.31.0!checker-qual.jar (78ms)
[2026-06-11T18:44:30.216+0000] {docker.py:429} INFO - downloading https://repo1.maven.org/maven2/org/mongodb/mongodb-driver-sync/4.0.5/mongodb-driver-sync-4.0.5.jar ...
[2026-06-11T18:44:30.251+0000] {docker.py:429} INFO - [SUCCESSFUL ] org.mongodb#mongodb-driver-sync;4.0.5!mongodb-driver-sync.jar (52ms)
[2026-06-11T18:44:30.268+0000] {docker.py:429} INFO - downloading https://repo1.maven.org/maven2/org/mongodb/bson/4.0.5/bson-4.0.5.jar ...
[2026-06-11T18:44:30.326+0000] {docker.py:429} INFO - [SUCCESSFUL ] org.mongodb#bson;4.0.5!bson.jar (74ms)
[2026-06-11T18:44:30.346+0000] {docker.py:429} INFO - downloading https://repo1.maven.org/maven2/org/mongodb/mongodb-driver-core/4.0.5/mongodb-driver-core-4.0.5.jar ...
[2026-06-11T18:44:30.519+0000] {docker.py:429} INFO - [SUCCESSFUL ] org.mongodb#mongodb-driver-core;4.0.5!mongodb-driver-core.jar (188ms)
[2026-06-11T18:44:30.520+0000] {docker.py:429} INFO - :: resolution report :: resolve 1331ms :: artifacts dl 679ms
[2026-06-11T18:44:30.521+0000] {docker.py:429} INFO - :: modules in use:
[2026-06-11T18:44:30.521+0000] {docker.py:429} INFO - org.checkerframework#checker-qual;3.31.0 from central in [default]
[2026-06-11T18:44:30.522+0000] {docker.py:429} INFO - org.mongodb#bson;4.0.5 from central in [default]
	org.mongodb#mongodb-driver-core;4.0.5 from central in [default]
	org.mongodb#mongodb-driver-sync;4.0.5 from central in [default]
	org.mongodb.spark#mongo-spark-connector_2.12;3.0.2 from central in [default]
[2026-06-11T18:44:30.523+0000] {docker.py:429} INFO - org.postgresql#postgresql;42.6.0 from central in [default]
	---------------------------------------------------------------------
[2026-06-11T18:44:30.524+0000] {docker.py:429} INFO - |                  |            modules            ||   artifacts   |
	|       conf       | number| search|dwnlded|evicted|| number|dwnlded|
	---------------------------------------------------------------------
[2026-06-11T18:44:30.525+0000] {docker.py:429} INFO - |      default     |   6   |   6   |   6   |   0   ||   6   |   6   |
	---------------------------------------------------------------------
[2026-06-11T18:44:30.531+0000] {docker.py:429} INFO - :: retrieving :: org.apache.spark#spark-submit-parent-40027de4-cdc2-465a-ab15-399164e0939f
	confs: [default]
[2026-06-11T18:44:30.544+0000] {docker.py:429} INFO - 6 artifacts copied, 0 already retrieved (4004kB/18ms)
[2026-06-11T18:44:30.945+0000] {docker.py:429} INFO - 26/06/11 18:44:30 WARN NativeCodeLoader: Unable to load native-hadoop library for your platform... using builtin-java classes where applicable
[2026-06-11T18:44:32.189+0000] {docker.py:429} INFO - 26/06/11 18:44:32 INFO SparkContext: Running Spark version 3.4.1
[2026-06-11T18:44:32.241+0000] {docker.py:429} INFO - 26/06/11 18:44:32 INFO ResourceUtils: ==============================================================
[2026-06-11T18:44:32.243+0000] {docker.py:429} INFO - 26/06/11 18:44:32 INFO ResourceUtils: No custom resources configured for spark.driver.
[2026-06-11T18:44:32.244+0000] {docker.py:429} INFO - 26/06/11 18:44:32 INFO ResourceUtils: ==============================================================
[2026-06-11T18:44:32.245+0000] {docker.py:429} INFO - 26/06/11 18:44:32 INFO SparkContext: Submitted application: Restaurante_ETL
[2026-06-11T18:44:32.284+0000] {docker.py:429} INFO - 26/06/11 18:44:32 INFO ResourceProfile: Default ResourceProfile created, executor resources: Map(cores -> name: cores, amount: 1, script: , vendor: , memory -> name: memory, amount: 1024, script: , vendor: , offHeap -> name: offHeap, amount: 0, script: , vendor: ), task resources: Map(cpus -> name: cpus, amount: 1.0)
[2026-06-11T18:44:32.301+0000] {docker.py:429} INFO - 26/06/11 18:44:32 INFO ResourceProfile: Limiting resource is cpu
[2026-06-11T18:44:32.302+0000] {docker.py:429} INFO - 26/06/11 18:44:32 INFO ResourceProfileManager: Added ResourceProfile id: 0
[2026-06-11T18:44:32.413+0000] {docker.py:429} INFO - 26/06/11 18:44:32 INFO SecurityManager: Changing view acls to: spark
[2026-06-11T18:44:32.415+0000] {docker.py:429} INFO - 26/06/11 18:44:32 INFO SecurityManager: Changing modify acls to: spark
[2026-06-11T18:44:32.416+0000] {docker.py:429} INFO - 26/06/11 18:44:32 INFO SecurityManager: Changing view acls groups to:
[2026-06-11T18:44:32.417+0000] {docker.py:429} INFO - 26/06/11 18:44:32 INFO SecurityManager: Changing modify acls groups to:
[2026-06-11T18:44:32.419+0000] {docker.py:429} INFO - 26/06/11 18:44:32 INFO SecurityManager: SecurityManager: authentication disabled; ui acls disabled; users with view permissions: spark; groups with view permissions: EMPTY; users with modify permissions: spark; groups with modify permissions: EMPTY
[2026-06-11T18:44:32.864+0000] {docker.py:429} INFO - 26/06/11 18:44:32 INFO Utils: Successfully started service 'sparkDriver' on port 36601.
[2026-06-11T18:44:32.979+0000] {docker.py:429} INFO - 26/06/11 18:44:32 INFO SparkEnv: Registering MapOutputTracker
[2026-06-11T18:44:33.066+0000] {docker.py:429} INFO - 26/06/11 18:44:33 INFO SparkEnv: Registering BlockManagerMaster
[2026-06-11T18:44:33.156+0000] {docker.py:429} INFO - 26/06/11 18:44:33 INFO BlockManagerMasterEndpoint: Using org.apache.spark.storage.DefaultTopologyMapper for getting topology information
26/06/11 18:44:33 INFO BlockManagerMasterEndpoint: BlockManagerMasterEndpoint up
[2026-06-11T18:44:33.165+0000] {docker.py:429} INFO - 26/06/11 18:44:33 INFO SparkEnv: Registering BlockManagerMasterHeartbeat
[2026-06-11T18:44:33.332+0000] {docker.py:429} INFO - 26/06/11 18:44:33 INFO DiskBlockManager: Created local directory at /tmp/blockmgr-b87d58b5-b9f7-4663-9c2a-e043182485c8
[2026-06-11T18:44:33.376+0000] {docker.py:429} INFO - 26/06/11 18:44:33 INFO MemoryStore: MemoryStore started with capacity 1048.8 MiB
[2026-06-11T18:44:33.409+0000] {docker.py:429} INFO - 26/06/11 18:44:33 INFO SparkEnv: Registering OutputCommitCoordinator
[2026-06-11T18:44:33.629+0000] {docker.py:429} INFO - 26/06/11 18:44:33 INFO JettyUtils: Start Jetty 0.0.0.0:4040 for SparkUI
[2026-06-11T18:44:33.724+0000] {docker.py:429} INFO - 26/06/11 18:44:33 INFO Utils: Successfully started service 'SparkUI' on port 4040.
[2026-06-11T18:44:33.777+0000] {docker.py:429} INFO - 26/06/11 18:44:33 INFO SparkContext: Added JAR file:///tmp/.ivy2/jars/org.postgresql_postgresql-42.6.0.jar at spark://21dde2de9181:36601/jars/org.postgresql_postgresql-42.6.0.jar with timestamp 1781203472170
[2026-06-11T18:44:33.778+0000] {docker.py:429} INFO - 26/06/11 18:44:33 INFO SparkContext: Added JAR file:///tmp/.ivy2/jars/org.mongodb.spark_mongo-spark-connector_2.12-3.0.2.jar at spark://21dde2de9181:36601/jars/org.mongodb.spark_mongo-spark-connector_2.12-3.0.2.jar with timestamp 1781203472170
26/06/11 18:44:33 INFO SparkContext: Added JAR file:///tmp/.ivy2/jars/org.checkerframework_checker-qual-3.31.0.jar at spark://21dde2de9181:36601/jars/org.checkerframework_checker-qual-3.31.0.jar with timestamp 1781203472170
[2026-06-11T18:44:33.780+0000] {docker.py:429} INFO - 26/06/11 18:44:33 INFO SparkContext: Added JAR file:///tmp/.ivy2/jars/org.mongodb_mongodb-driver-sync-4.0.5.jar at spark://21dde2de9181:36601/jars/org.mongodb_mongodb-driver-sync-4.0.5.jar with timestamp 1781203472170
[2026-06-11T18:44:33.781+0000] {docker.py:429} INFO - 26/06/11 18:44:33 INFO SparkContext: Added JAR file:///tmp/.ivy2/jars/org.mongodb_bson-4.0.5.jar at spark://21dde2de9181:36601/jars/org.mongodb_bson-4.0.5.jar with timestamp 1781203472170
[2026-06-11T18:44:33.782+0000] {docker.py:429} INFO - 26/06/11 18:44:33 INFO SparkContext: Added JAR file:///tmp/.ivy2/jars/org.mongodb_mongodb-driver-core-4.0.5.jar at spark://21dde2de9181:36601/jars/org.mongodb_mongodb-driver-core-4.0.5.jar with timestamp 1781203472170
[2026-06-11T18:44:33.785+0000] {docker.py:429} INFO - 26/06/11 18:44:33 INFO SparkContext: Added file file:///tmp/.ivy2/jars/org.postgresql_postgresql-42.6.0.jar at file:///tmp/.ivy2/jars/org.postgresql_postgresql-42.6.0.jar with timestamp 1781203472170
[2026-06-11T18:44:33.793+0000] {docker.py:429} INFO - 26/06/11 18:44:33 INFO Utils: Copying /tmp/.ivy2/jars/org.postgresql_postgresql-42.6.0.jar to /tmp/spark-bc29f276-bd3d-4a30-9460-24469bec7a39/userFiles-ce761741-95bb-4187-8365-1ea47b7e0821/org.postgresql_postgresql-42.6.0.jar
[2026-06-11T18:44:33.810+0000] {docker.py:429} INFO - 26/06/11 18:44:33 INFO SparkContext: Added file file:///tmp/.ivy2/jars/org.mongodb.spark_mongo-spark-connector_2.12-3.0.2.jar at file:///tmp/.ivy2/jars/org.mongodb.spark_mongo-spark-connector_2.12-3.0.2.jar with timestamp 1781203472170
[2026-06-11T18:44:33.811+0000] {docker.py:429} INFO - 26/06/11 18:44:33 INFO Utils: Copying /tmp/.ivy2/jars/org.mongodb.spark_mongo-spark-connector_2.12-3.0.2.jar to /tmp/spark-bc29f276-bd3d-4a30-9460-24469bec7a39/userFiles-ce761741-95bb-4187-8365-1ea47b7e0821/org.mongodb.spark_mongo-spark-connector_2.12-3.0.2.jar
[2026-06-11T18:44:33.819+0000] {docker.py:429} INFO - 26/06/11 18:44:33 INFO SparkContext: Added file file:///tmp/.ivy2/jars/org.checkerframework_checker-qual-3.31.0.jar at file:///tmp/.ivy2/jars/org.checkerframework_checker-qual-3.31.0.jar with timestamp 1781203472170
[2026-06-11T18:44:33.821+0000] {docker.py:429} INFO - 26/06/11 18:44:33 INFO Utils: Copying /tmp/.ivy2/jars/org.checkerframework_checker-qual-3.31.0.jar to /tmp/spark-bc29f276-bd3d-4a30-9460-24469bec7a39/userFiles-ce761741-95bb-4187-8365-1ea47b7e0821/org.checkerframework_checker-qual-3.31.0.jar
[2026-06-11T18:44:33.832+0000] {docker.py:429} INFO - 26/06/11 18:44:33 INFO SparkContext: Added file file:///tmp/.ivy2/jars/org.mongodb_mongodb-driver-sync-4.0.5.jar at file:///tmp/.ivy2/jars/org.mongodb_mongodb-driver-sync-4.0.5.jar with timestamp 1781203472170
[2026-06-11T18:44:33.836+0000] {docker.py:429} INFO - 26/06/11 18:44:33 INFO Utils: Copying /tmp/.ivy2/jars/org.mongodb_mongodb-driver-sync-4.0.5.jar to /tmp/spark-bc29f276-bd3d-4a30-9460-24469bec7a39/userFiles-ce761741-95bb-4187-8365-1ea47b7e0821/org.mongodb_mongodb-driver-sync-4.0.5.jar
[2026-06-11T18:44:33.844+0000] {docker.py:429} INFO - 26/06/11 18:44:33 INFO SparkContext: Added file file:///tmp/.ivy2/jars/org.mongodb_bson-4.0.5.jar at file:///tmp/.ivy2/jars/org.mongodb_bson-4.0.5.jar with timestamp 1781203472170
[2026-06-11T18:44:33.847+0000] {docker.py:429} INFO - 26/06/11 18:44:33 INFO Utils: Copying /tmp/.ivy2/jars/org.mongodb_bson-4.0.5.jar to /tmp/spark-bc29f276-bd3d-4a30-9460-24469bec7a39/userFiles-ce761741-95bb-4187-8365-1ea47b7e0821/org.mongodb_bson-4.0.5.jar
[2026-06-11T18:44:33.854+0000] {docker.py:429} INFO - 26/06/11 18:44:33 INFO SparkContext: Added file file:///tmp/.ivy2/jars/org.mongodb_mongodb-driver-core-4.0.5.jar at file:///tmp/.ivy2/jars/org.mongodb_mongodb-driver-core-4.0.5.jar with timestamp 1781203472170
[2026-06-11T18:44:33.857+0000] {docker.py:429} INFO - 26/06/11 18:44:33 INFO Utils: Copying /tmp/.ivy2/jars/org.mongodb_mongodb-driver-core-4.0.5.jar to /tmp/spark-bc29f276-bd3d-4a30-9460-24469bec7a39/userFiles-ce761741-95bb-4187-8365-1ea47b7e0821/org.mongodb_mongodb-driver-core-4.0.5.jar
[2026-06-11T18:44:33.981+0000] {docker.py:429} INFO - 26/06/11 18:44:33 INFO Executor: Starting executor ID driver on host 21dde2de9181
[2026-06-11T18:44:33.990+0000] {docker.py:429} INFO - 26/06/11 18:44:33 INFO Executor: Starting executor with user classpath (userClassPathFirst = false): ''
[2026-06-11T18:44:34.007+0000] {docker.py:429} INFO - 26/06/11 18:44:34 INFO Executor: Fetching file:///tmp/.ivy2/jars/org.postgresql_postgresql-42.6.0.jar with timestamp 1781203472170
[2026-06-11T18:44:34.039+0000] {docker.py:429} INFO - 26/06/11 18:44:34 INFO Utils: /tmp/.ivy2/jars/org.postgresql_postgresql-42.6.0.jar has been previously copied to /tmp/spark-bc29f276-bd3d-4a30-9460-24469bec7a39/userFiles-ce761741-95bb-4187-8365-1ea47b7e0821/org.postgresql_postgresql-42.6.0.jar
[2026-06-11T18:44:34.044+0000] {docker.py:429} INFO - 26/06/11 18:44:34 INFO Executor: Fetching file:///tmp/.ivy2/jars/org.mongodb.spark_mongo-spark-connector_2.12-3.0.2.jar with timestamp 1781203472170
[2026-06-11T18:44:34.046+0000] {docker.py:429} INFO - 26/06/11 18:44:34 INFO Utils: /tmp/.ivy2/jars/org.mongodb.spark_mongo-spark-connector_2.12-3.0.2.jar has been previously copied to /tmp/spark-bc29f276-bd3d-4a30-9460-24469bec7a39/userFiles-ce761741-95bb-4187-8365-1ea47b7e0821/org.mongodb.spark_mongo-spark-connector_2.12-3.0.2.jar
[2026-06-11T18:44:34.051+0000] {docker.py:429} INFO - 26/06/11 18:44:34 INFO Executor: Fetching file:///tmp/.ivy2/jars/org.mongodb_mongodb-driver-sync-4.0.5.jar with timestamp 1781203472170
[2026-06-11T18:44:34.053+0000] {docker.py:429} INFO - 26/06/11 18:44:34 INFO Utils: /tmp/.ivy2/jars/org.mongodb_mongodb-driver-sync-4.0.5.jar has been previously copied to /tmp/spark-bc29f276-bd3d-4a30-9460-24469bec7a39/userFiles-ce761741-95bb-4187-8365-1ea47b7e0821/org.mongodb_mongodb-driver-sync-4.0.5.jar
[2026-06-11T18:44:34.057+0000] {docker.py:429} INFO - 26/06/11 18:44:34 INFO Executor: Fetching file:///tmp/.ivy2/jars/org.mongodb_bson-4.0.5.jar with timestamp 1781203472170
[2026-06-11T18:44:34.059+0000] {docker.py:429} INFO - 26/06/11 18:44:34 INFO Utils: /tmp/.ivy2/jars/org.mongodb_bson-4.0.5.jar has been previously copied to /tmp/spark-bc29f276-bd3d-4a30-9460-24469bec7a39/userFiles-ce761741-95bb-4187-8365-1ea47b7e0821/org.mongodb_bson-4.0.5.jar
[2026-06-11T18:44:34.064+0000] {docker.py:429} INFO - 26/06/11 18:44:34 INFO Executor: Fetching file:///tmp/.ivy2/jars/org.checkerframework_checker-qual-3.31.0.jar with timestamp 1781203472170
[2026-06-11T18:44:34.065+0000] {docker.py:429} INFO - 26/06/11 18:44:34 INFO Utils: /tmp/.ivy2/jars/org.checkerframework_checker-qual-3.31.0.jar has been previously copied to /tmp/spark-bc29f276-bd3d-4a30-9460-24469bec7a39/userFiles-ce761741-95bb-4187-8365-1ea47b7e0821/org.checkerframework_checker-qual-3.31.0.jar
[2026-06-11T18:44:34.071+0000] {docker.py:429} INFO - 26/06/11 18:44:34 INFO Executor: Fetching file:///tmp/.ivy2/jars/org.mongodb_mongodb-driver-core-4.0.5.jar with timestamp 1781203472170
[2026-06-11T18:44:34.074+0000] {docker.py:429} INFO - 26/06/11 18:44:34 INFO Utils: /tmp/.ivy2/jars/org.mongodb_mongodb-driver-core-4.0.5.jar has been previously copied to /tmp/spark-bc29f276-bd3d-4a30-9460-24469bec7a39/userFiles-ce761741-95bb-4187-8365-1ea47b7e0821/org.mongodb_mongodb-driver-core-4.0.5.jar
[2026-06-11T18:44:34.084+0000] {docker.py:429} INFO - 26/06/11 18:44:34 INFO Executor: Fetching spark://21dde2de9181:36601/jars/org.mongodb_mongodb-driver-core-4.0.5.jar with timestamp 1781203472170
[2026-06-11T18:44:34.155+0000] {docker.py:429} INFO - 26/06/11 18:44:34 INFO TransportClientFactory: Successfully created connection to 21dde2de9181/172.18.0.17:36601 after 42 ms (0 ms spent in bootstraps)
[2026-06-11T18:44:34.173+0000] {docker.py:429} INFO - 26/06/11 18:44:34 INFO Utils: Fetching spark://21dde2de9181:36601/jars/org.mongodb_mongodb-driver-core-4.0.5.jar to /tmp/spark-bc29f276-bd3d-4a30-9460-24469bec7a39/userFiles-ce761741-95bb-4187-8365-1ea47b7e0821/fetchFileTemp11537798394524321328.tmp
[2026-06-11T18:44:34.225+0000] {docker.py:429} INFO - 26/06/11 18:44:34 INFO Utils: /tmp/spark-bc29f276-bd3d-4a30-9460-24469bec7a39/userFiles-ce761741-95bb-4187-8365-1ea47b7e0821/fetchFileTemp11537798394524321328.tmp has been previously copied to /tmp/spark-bc29f276-bd3d-4a30-9460-24469bec7a39/userFiles-ce761741-95bb-4187-8365-1ea47b7e0821/org.mongodb_mongodb-driver-core-4.0.5.jar
[2026-06-11T18:44:34.237+0000] {docker.py:429} INFO - 26/06/11 18:44:34 INFO Executor: Adding file:/tmp/spark-bc29f276-bd3d-4a30-9460-24469bec7a39/userFiles-ce761741-95bb-4187-8365-1ea47b7e0821/org.mongodb_mongodb-driver-core-4.0.5.jar to class loader
[2026-06-11T18:44:34.238+0000] {docker.py:429} INFO - 26/06/11 18:44:34 INFO Executor: Fetching spark://21dde2de9181:36601/jars/org.mongodb.spark_mongo-spark-connector_2.12-3.0.2.jar with timestamp 1781203472170
[2026-06-11T18:44:34.239+0000] {docker.py:429} INFO - 26/06/11 18:44:34 INFO Utils: Fetching spark://21dde2de9181:36601/jars/org.mongodb.spark_mongo-spark-connector_2.12-3.0.2.jar to /tmp/spark-bc29f276-bd3d-4a30-9460-24469bec7a39/userFiles-ce761741-95bb-4187-8365-1ea47b7e0821/fetchFileTemp14762260715981114101.tmp
[2026-06-11T18:44:34.244+0000] {docker.py:429} INFO - 26/06/11 18:44:34 INFO Utils: /tmp/spark-bc29f276-bd3d-4a30-9460-24469bec7a39/userFiles-ce761741-95bb-4187-8365-1ea47b7e0821/fetchFileTemp14762260715981114101.tmp has been previously copied to /tmp/spark-bc29f276-bd3d-4a30-9460-24469bec7a39/userFiles-ce761741-95bb-4187-8365-1ea47b7e0821/org.mongodb.spark_mongo-spark-connector_2.12-3.0.2.jar
[2026-06-11T18:44:34.250+0000] {docker.py:429} INFO - 26/06/11 18:44:34 INFO Executor: Adding file:/tmp/spark-bc29f276-bd3d-4a30-9460-24469bec7a39/userFiles-ce761741-95bb-4187-8365-1ea47b7e0821/org.mongodb.spark_mongo-spark-connector_2.12-3.0.2.jar to class loader
[2026-06-11T18:44:34.251+0000] {docker.py:429} INFO - 26/06/11 18:44:34 INFO Executor: Fetching spark://21dde2de9181:36601/jars/org.mongodb_mongodb-driver-sync-4.0.5.jar with timestamp 1781203472170
[2026-06-11T18:44:34.252+0000] {docker.py:429} INFO - 26/06/11 18:44:34 INFO Utils: Fetching spark://21dde2de9181:36601/jars/org.mongodb_mongodb-driver-sync-4.0.5.jar to /tmp/spark-bc29f276-bd3d-4a30-9460-24469bec7a39/userFiles-ce761741-95bb-4187-8365-1ea47b7e0821/fetchFileTemp7060934162794464041.tmp
[2026-06-11T18:44:34.256+0000] {docker.py:429} INFO - 26/06/11 18:44:34 INFO Utils: /tmp/spark-bc29f276-bd3d-4a30-9460-24469bec7a39/userFiles-ce761741-95bb-4187-8365-1ea47b7e0821/fetchFileTemp7060934162794464041.tmp has been previously copied to /tmp/spark-bc29f276-bd3d-4a30-9460-24469bec7a39/userFiles-ce761741-95bb-4187-8365-1ea47b7e0821/org.mongodb_mongodb-driver-sync-4.0.5.jar
[2026-06-11T18:44:34.263+0000] {docker.py:429} INFO - 26/06/11 18:44:34 INFO Executor: Adding file:/tmp/spark-bc29f276-bd3d-4a30-9460-24469bec7a39/userFiles-ce761741-95bb-4187-8365-1ea47b7e0821/org.mongodb_mongodb-driver-sync-4.0.5.jar to class loader
[2026-06-11T18:44:34.267+0000] {docker.py:429} INFO - 26/06/11 18:44:34 INFO Executor: Fetching spark://21dde2de9181:36601/jars/org.postgresql_postgresql-42.6.0.jar with timestamp 1781203472170
[2026-06-11T18:44:34.269+0000] {docker.py:429} INFO - 26/06/11 18:44:34 INFO Utils: Fetching spark://21dde2de9181:36601/jars/org.postgresql_postgresql-42.6.0.jar to /tmp/spark-bc29f276-bd3d-4a30-9460-24469bec7a39/userFiles-ce761741-95bb-4187-8365-1ea47b7e0821/fetchFileTemp7854194544296544163.tmp
[2026-06-11T18:44:34.282+0000] {docker.py:429} INFO - 26/06/11 18:44:34 INFO Utils: /tmp/spark-bc29f276-bd3d-4a30-9460-24469bec7a39/userFiles-ce761741-95bb-4187-8365-1ea47b7e0821/fetchFileTemp7854194544296544163.tmp has been previously copied to /tmp/spark-bc29f276-bd3d-4a30-9460-24469bec7a39/userFiles-ce761741-95bb-4187-8365-1ea47b7e0821/org.postgresql_postgresql-42.6.0.jar
[2026-06-11T18:44:34.289+0000] {docker.py:429} INFO - 26/06/11 18:44:34 INFO Executor: Adding file:/tmp/spark-bc29f276-bd3d-4a30-9460-24469bec7a39/userFiles-ce761741-95bb-4187-8365-1ea47b7e0821/org.postgresql_postgresql-42.6.0.jar to class loader
[2026-06-11T18:44:34.290+0000] {docker.py:429} INFO - 26/06/11 18:44:34 INFO Executor: Fetching spark://21dde2de9181:36601/jars/org.checkerframework_checker-qual-3.31.0.jar with timestamp 1781203472170
[2026-06-11T18:44:34.292+0000] {docker.py:429} INFO - 26/06/11 18:44:34 INFO Utils: Fetching spark://21dde2de9181:36601/jars/org.checkerframework_checker-qual-3.31.0.jar to /tmp/spark-bc29f276-bd3d-4a30-9460-24469bec7a39/userFiles-ce761741-95bb-4187-8365-1ea47b7e0821/fetchFileTemp9995325183491810610.tmp
[2026-06-11T18:44:34.296+0000] {docker.py:429} INFO - 26/06/11 18:44:34 INFO Utils: /tmp/spark-bc29f276-bd3d-4a30-9460-24469bec7a39/userFiles-ce761741-95bb-4187-8365-1ea47b7e0821/fetchFileTemp9995325183491810610.tmp has been previously copied to /tmp/spark-bc29f276-bd3d-4a30-9460-24469bec7a39/userFiles-ce761741-95bb-4187-8365-1ea47b7e0821/org.checkerframework_checker-qual-3.31.0.jar
[2026-06-11T18:44:34.302+0000] {docker.py:429} INFO - 26/06/11 18:44:34 INFO Executor: Adding file:/tmp/spark-bc29f276-bd3d-4a30-9460-24469bec7a39/userFiles-ce761741-95bb-4187-8365-1ea47b7e0821/org.checkerframework_checker-qual-3.31.0.jar to class loader
[2026-06-11T18:44:34.303+0000] {docker.py:429} INFO - 26/06/11 18:44:34 INFO Executor: Fetching spark://21dde2de9181:36601/jars/org.mongodb_bson-4.0.5.jar with timestamp 1781203472170
[2026-06-11T18:44:34.305+0000] {docker.py:429} INFO - 26/06/11 18:44:34 INFO Utils: Fetching spark://21dde2de9181:36601/jars/org.mongodb_bson-4.0.5.jar to /tmp/spark-bc29f276-bd3d-4a30-9460-24469bec7a39/userFiles-ce761741-95bb-4187-8365-1ea47b7e0821/fetchFileTemp2638833502832687405.tmp
[2026-06-11T18:44:34.311+0000] {docker.py:429} INFO - 26/06/11 18:44:34 INFO Utils: /tmp/spark-bc29f276-bd3d-4a30-9460-24469bec7a39/userFiles-ce761741-95bb-4187-8365-1ea47b7e0821/fetchFileTemp2638833502832687405.tmp has been previously copied to /tmp/spark-bc29f276-bd3d-4a30-9460-24469bec7a39/userFiles-ce761741-95bb-4187-8365-1ea47b7e0821/org.mongodb_bson-4.0.5.jar
[2026-06-11T18:44:34.317+0000] {docker.py:429} INFO - 26/06/11 18:44:34 INFO Executor: Adding file:/tmp/spark-bc29f276-bd3d-4a30-9460-24469bec7a39/userFiles-ce761741-95bb-4187-8365-1ea47b7e0821/org.mongodb_bson-4.0.5.jar to class loader
[2026-06-11T18:44:34.331+0000] {docker.py:429} INFO - 26/06/11 18:44:34 INFO Utils: Successfully started service 'org.apache.spark.network.netty.NettyBlockTransferService' on port 42647.
[2026-06-11T18:44:34.332+0000] {docker.py:429} INFO - 26/06/11 18:44:34 INFO NettyBlockTransferService: Server created on 21dde2de9181:42647
[2026-06-11T18:44:34.335+0000] {docker.py:429} INFO - 26/06/11 18:44:34 INFO BlockManager: Using org.apache.spark.storage.RandomBlockReplicationPolicy for block replication policy
[2026-06-11T18:44:34.347+0000] {docker.py:429} INFO - 26/06/11 18:44:34 INFO BlockManagerMaster: Registering BlockManager BlockManagerId(driver, 21dde2de9181, 42647, None)
[2026-06-11T18:44:34.356+0000] {docker.py:429} INFO - 26/06/11 18:44:34 INFO BlockManagerMasterEndpoint: Registering block manager 21dde2de9181:42647 with 1048.8 MiB RAM, BlockManagerId(driver, 21dde2de9181, 42647, None)
[2026-06-11T18:44:34.360+0000] {docker.py:429} INFO - 26/06/11 18:44:34 INFO BlockManagerMaster: Registered BlockManager BlockManagerId(driver, 21dde2de9181, 42647, None)
[2026-06-11T18:44:34.362+0000] {docker.py:429} INFO - 26/06/11 18:44:34 INFO BlockManager: Initialized BlockManager: BlockManagerId(driver, 21dde2de9181, 42647, None)
[2026-06-11T18:44:34.940+0000] {docker.py:429} INFO - =========================================
 Iniciando extracción de datos...
=========================================
[2026-06-11T18:44:39.924+0000] {docker.py:429} INFO - Datos extraídos de PostgreSQL correctamente.
Transformando datos para análisis OLAP...
[2026-06-11T18:44:40.607+0000] {docker.py:429} INFO - Transformaciones calculadas exitosamente.
Guardando resultados en Apache Hive...
[2026-06-11T18:44:47.879+0000] {docker.py:429} INFO - 26/06/11 18:44:47 WARN SessionState: METASTORE_FILTER_HOOK will be ignored, since hive.security.authorization.manager is set to instance of HiveAuthorizerFactory.
[2026-06-11T18:44:51.049+0000] {docker.py:429} INFO - =========================================
 ¡ETL completado exitosamente! 
 Las tablas fueron guardadas en Hive: 
 - restaurante_olap.tendencias_consumo
 - restaurante_olap.horarios_pico
 - restaurante_olap.crecimiento_mensual
=========================================
[2026-06-11T18:44:52.282+0000] {taskinstance.py:1149} INFO - Marking task as SUCCESS. dag_id=restaurante_pipeline_etl, task_id=ejecutar_spark_etl, execution_date=20260611T175210, start_date=20260611T184423, end_date=20260611T184452
[2026-06-11T18:44:52.354+0000] {local_task_job_runner.py:234} INFO - Task exited with return code 0
[2026-06-11T18:44:52.388+0000] {taskinstance.py:3309} INFO - 1 downstream tasks scheduled from follow-on schedule check
